INFO - 2023-04-27 02:45:26 --> Session: Class initialized using 'CodeIgniter\Session\Handlers\FileHandler' driver.
INFO - 2023-04-27 02:45:33 --> Session: Class initialized using 'CodeIgniter\Session\Handlers\FileHandler' driver.
INFO - 2023-04-27 02:45:33 --> Session: Class initialized using 'CodeIgniter\Session\Handlers\FileHandler' driver.
INFO - 2023-04-27 02:45:36 --> Session: Class initialized using 'CodeIgniter\Session\Handlers\FileHandler' driver.
INFO - 2023-04-27 02:45:48 --> Session: Class initialized using 'CodeIgniter\Session\Handlers\FileHandler' driver.
INFO - 2023-04-27 02:45:48 --> Session: Class initialized using 'CodeIgniter\Session\Handlers\FileHandler' driver.
INFO - 2023-04-27 02:45:51 --> Session: Class initialized using 'CodeIgniter\Session\Handlers\FileHandler' driver.
CRITICAL - 2023-04-27 02:45:55 --> Call to a member function getName() on null
in APPPATH\Controllers\Usulan.php on line 24.
 1 SYSTEMPATH\CodeIgniter.php(934): App\Controllers\Usulan->add()
 2 SYSTEMPATH\CodeIgniter.php(499): CodeIgniter\CodeIgniter->runController(Object(App\Controllers\Usulan))
 3 SYSTEMPATH\CodeIgniter.php(368): CodeIgniter\CodeIgniter->handleRequest(null, Object(Config\Cache), false)
 4 FCPATH\index.php(67): CodeIgniter\CodeIgniter->run()
 5 SYSTEMPATH\Commands\Server\rewrite.php(47): require_once('C:\\xampp\\htdocs\\project_web\\public\\index.php')
INFO - 2023-04-27 02:46:38 --> Session: Class initialized using 'CodeIgniter\Session\Handlers\FileHandler' driver.
INFO - 2023-04-27 02:46:39 --> Session: Class initialized using 'CodeIgniter\Session\Handlers\FileHandler' driver.
CRITICAL - 2023-04-27 02:46:43 --> Call to a member function getName() on null
in APPPATH\Controllers\Usulan.php on line 24.
 1 SYSTEMPATH\CodeIgniter.php(934): App\Controllers\Usulan->add()
 2 SYSTEMPATH\CodeIgniter.php(499): CodeIgniter\CodeIgniter->runController(Object(App\Controllers\Usulan))
 3 SYSTEMPATH\CodeIgniter.php(368): CodeIgniter\CodeIgniter->handleRequest(null, Object(Config\Cache), false)
 4 FCPATH\index.php(67): CodeIgniter\CodeIgniter->run()
 5 SYSTEMPATH\Commands\Server\rewrite.php(47): require_once('C:\\xampp\\htdocs\\project_web\\public\\index.php')
INFO - 2023-04-27 02:46:48 --> Session: Class initialized using 'CodeIgniter\Session\Handlers\FileHandler' driver.
CRITICAL - 2023-04-27 02:46:51 --> Call to a member function getName() on null
in APPPATH\Controllers\Usulan.php on line 24.
 1 SYSTEMPATH\CodeIgniter.php(934): App\Controllers\Usulan->add()
 2 SYSTEMPATH\CodeIgniter.php(499): CodeIgniter\CodeIgniter->runController(Object(App\Controllers\Usulan))
 3 SYSTEMPATH\CodeIgniter.php(368): CodeIgniter\CodeIgniter->handleRequest(null, Object(Config\Cache), false)
 4 FCPATH\index.php(67): CodeIgniter\CodeIgniter->run()
 5 SYSTEMPATH\Commands\Server\rewrite.php(47): require_once('C:\\xampp\\htdocs\\project_web\\public\\index.php')
INFO - 2023-04-27 02:46:54 --> Session: Class initialized using 'CodeIgniter\Session\Handlers\FileHandler' driver.
INFO - 2023-04-27 02:47:45 --> Session: Class initialized using 'CodeIgniter\Session\Handlers\FileHandler' driver.
INFO - 2023-04-27 02:49:18 --> Session: Class initialized using 'CodeIgniter\Session\Handlers\FileHandler' driver.
INFO - 2023-04-27 02:49:45 --> Session: Class initialized using 'CodeIgniter\Session\Handlers\FileHandler' driver.
INFO - 2023-04-27 02:50:21 --> Session: Class initialized using 'CodeIgniter\Session\Handlers\FileHandler' driver.
INFO - 2023-04-27 02:50:23 --> Session: Class initialized using 'CodeIgniter\Session\Handlers\FileHandler' driver.
INFO - 2023-04-27 02:50:27 --> Session: Class initialized using 'CodeIgniter\Session\Handlers\FileHandler' driver.
INFO - 2023-04-27 02:57:24 --> Session: Class initialized using 'CodeIgniter\Session\Handlers\FileHandler' driver.
INFO - 2023-04-27 02:57:59 --> Session: Class initialized using 'CodeIgniter\Session\Handlers\FileHandler' driver.
INFO - 2023-04-27 02:58:01 --> Session: Class initialized using 'CodeIgniter\Session\Handlers\FileHandler' driver.
INFO - 2023-04-27 02:58:57 --> Session: Class initialized using 'CodeIgniter\Session\Handlers\FileHandler' driver.
INFO - 2023-04-27 02:58:59 --> Session: Class initialized using 'CodeIgniter\Session\Handlers\FileHandler' driver.
INFO - 2023-04-27 02:59:02 --> Session: Class initialized using 'CodeIgniter\Session\Handlers\FileHandler' driver.
CRITICAL - 2023-04-27 02:59:02 --> Undefined variable $user
in APPPATH\Views\layout\default.php on line 51.
 1 APPPATH\Views\layout\default.php(51): CodeIgniter\Debug\Exceptions->errorHandler(2, 'Undefined variable $user', 'C:\\xampp\\htdocs\\project_web\\app\\Views\\layout\\default.php', 51)
 2 SYSTEMPATH\View\View.php(213): include('C:\\xampp\\htdocs\\project_web\\app\\Views\\layout\\default.php')
 3 SYSTEMPATH\View\View.php(216): CodeIgniter\View\View->CodeIgniter\View\{closure}()
 4 SYSTEMPATH\View\View.php(229): CodeIgniter\View\View->render('layout/default', [], true)
 5 SYSTEMPATH\Common.php(1184): CodeIgniter\View\View->render('user/kerjasama', [], true)
 6 APPPATH\Controllers\Kerjasama.php(13): view('user/kerjasama')
 7 SYSTEMPATH\CodeIgniter.php(934): App\Controllers\Kerjasama->index()
 8 SYSTEMPATH\CodeIgniter.php(499): CodeIgniter\CodeIgniter->runController(Object(App\Controllers\Kerjasama))
 9 SYSTEMPATH\CodeIgniter.php(368): CodeIgniter\CodeIgniter->handleRequest(null, Object(Config\Cache), false)
10 FCPATH\index.php(67): CodeIgniter\CodeIgniter->run()
11 SYSTEMPATH\Commands\Server\rewrite.php(47): require_once('C:\\xampp\\htdocs\\project_web\\public\\index.php')
INFO - 2023-04-27 02:59:46 --> Session: Class initialized using 'CodeIgniter\Session\Handlers\FileHandler' driver.
INFO - 2023-04-27 02:59:48 --> Session: Class initialized using 'CodeIgniter\Session\Handlers\FileHandler' driver.
INFO - 2023-04-27 02:59:51 --> Session: Class initialized using 'CodeIgniter\Session\Handlers\FileHandler' driver.
CRITICAL - 2023-04-27 02:59:51 --> Undefined variable $user
in APPPATH\Views\layout\default.php on line 51.
 1 APPPATH\Views\layout\default.php(51): CodeIgniter\Debug\Exceptions->errorHandler(2, 'Undefined variable $user', 'C:\\xampp\\htdocs\\project_web\\app\\Views\\layout\\default.php', 51)
 2 SYSTEMPATH\View\View.php(213): include('C:\\xampp\\htdocs\\project_web\\app\\Views\\layout\\default.php')
 3 SYSTEMPATH\View\View.php(216): CodeIgniter\View\View->CodeIgniter\View\{closure}()
 4 SYSTEMPATH\View\View.php(229): CodeIgniter\View\View->render('layout/default', [], true)
 5 SYSTEMPATH\Common.php(1184): CodeIgniter\View\View->render('user/kerjasama', [], true)
 6 APPPATH\Controllers\Kerjasama.php(14): view('user/kerjasama')
 7 SYSTEMPATH\CodeIgniter.php(934): App\Controllers\Kerjasama->index()
 8 SYSTEMPATH\CodeIgniter.php(499): CodeIgniter\CodeIgniter->runController(Object(App\Controllers\Kerjasama))
 9 SYSTEMPATH\CodeIgniter.php(368): CodeIgniter\CodeIgniter->handleRequest(null, Object(Config\Cache), false)
10 FCPATH\index.php(67): CodeIgniter\CodeIgniter->run()
11 SYSTEMPATH\Commands\Server\rewrite.php(47): require_once('C:\\xampp\\htdocs\\project_web\\public\\index.php')
INFO - 2023-04-27 03:01:25 --> Session: Class initialized using 'CodeIgniter\Session\Handlers\FileHandler' driver.
INFO - 2023-04-27 03:01:27 --> Session: Class initialized using 'CodeIgniter\Session\Handlers\FileHandler' driver.
INFO - 2023-04-27 03:01:30 --> Session: Class initialized using 'CodeIgniter\Session\Handlers\FileHandler' driver.
INFO - 2023-04-27 03:01:39 --> Session: Class initialized using 'CodeIgniter\Session\Handlers\FileHandler' driver.
INFO - 2023-04-27 03:01:41 --> Session: Class initialized using 'CodeIgniter\Session\Handlers\FileHandler' driver.
INFO - 2023-04-27 03:01:44 --> Session: Class initialized using 'CodeIgniter\Session\Handlers\FileHandler' driver.
INFO - 2023-04-27 03:02:00 --> Session: Class initialized using 'CodeIgniter\Session\Handlers\FileHandler' driver.
CRITICAL - 2023-04-27 03:02:00 --> Undefined variable $user
in APPPATH\Views\layout\default.php on line 51.
 1 APPPATH\Views\layout\default.php(51): CodeIgniter\Debug\Exceptions->errorHandler(2, 'Undefined variable $user', 'C:\\xampp\\htdocs\\project_web\\app\\Views\\layout\\default.php', 51)
 2 SYSTEMPATH\View\View.php(213): include('C:\\xampp\\htdocs\\project_web\\app\\Views\\layout\\default.php')
 3 SYSTEMPATH\View\View.php(216): CodeIgniter\View\View->CodeIgniter\View\{closure}()
 4 SYSTEMPATH\View\View.php(229): CodeIgniter\View\View->render('layout/default', [], true)
 5 SYSTEMPATH\Common.php(1184): CodeIgniter\View\View->render('user/kerjasama', [], true)
 6 APPPATH\Controllers\Kerjasama.php(13): view('user/kerjasama')
 7 SYSTEMPATH\CodeIgniter.php(934): App\Controllers\Kerjasama->index()
 8 SYSTEMPATH\CodeIgniter.php(499): CodeIgniter\CodeIgniter->runController(Object(App\Controllers\Kerjasama))
 9 SYSTEMPATH\CodeIgniter.php(368): CodeIgniter\CodeIgniter->handleRequest(null, Object(Config\Cache), false)
10 FCPATH\index.php(67): CodeIgniter\CodeIgniter->run()
11 SYSTEMPATH\Commands\Server\rewrite.php(47): require_once('C:\\xampp\\htdocs\\project_web\\public\\index.php')
INFO - 2023-04-27 03:02:08 --> Session: Class initialized using 'CodeIgniter\Session\Handlers\FileHandler' driver.
INFO - 2023-04-27 03:02:11 --> Session: Class initialized using 'CodeIgniter\Session\Handlers\FileHandler' driver.
INFO - 2023-04-27 03:02:13 --> Session: Class initialized using 'CodeIgniter\Session\Handlers\FileHandler' driver.
INFO - 2023-04-27 03:08:54 --> Session: Class initialized using 'CodeIgniter\Session\Handlers\FileHandler' driver.
INFO - 2023-04-27 03:16:01 --> Session: Class initialized using 'CodeIgniter\Session\Handlers\FileHandler' driver.
CRITICAL - 2023-04-27 03:16:01 --> Undefined array key "perihal_ks"
in APPPATH\Views\user\kerjasama.php on line 14.
 1 APPPATH\Views\user\kerjasama.php(14): CodeIgniter\Debug\Exceptions->errorHandler(2, 'Undefined array key "perihal_ks"', 'C:\\xampp\\htdocs\\project_web\\app\\Views\\user\\kerjasama.php', 14)
 2 SYSTEMPATH\View\View.php(213): include('C:\\xampp\\htdocs\\project_web\\app\\Views\\user\\kerjasama.php')
 3 SYSTEMPATH\View\View.php(216): CodeIgniter\View\View->CodeIgniter\View\{closure}()
 4 SYSTEMPATH\Common.php(1184): CodeIgniter\View\View->render('user/kerjasama', [], true)
 5 APPPATH\Controllers\Kerjasama.php(20): view('user/kerjasama', [...])
 6 SYSTEMPATH\CodeIgniter.php(934): App\Controllers\Kerjasama->index()
 7 SYSTEMPATH\CodeIgniter.php(499): CodeIgniter\CodeIgniter->runController(Object(App\Controllers\Kerjasama))
 8 SYSTEMPATH\CodeIgniter.php(368): CodeIgniter\CodeIgniter->handleRequest(null, Object(Config\Cache), false)
 9 FCPATH\index.php(67): CodeIgniter\CodeIgniter->run()
10 SYSTEMPATH\Commands\Server\rewrite.php(47): require_once('C:\\xampp\\htdocs\\project_web\\public\\index.php')
INFO - 2023-04-27 03:17:36 --> Session: Class initialized using 'CodeIgniter\Session\Handlers\FileHandler' driver.
INFO - 2023-04-27 03:18:27 --> Session: Class initialized using 'CodeIgniter\Session\Handlers\FileHandler' driver.
CRITICAL - 2023-04-27 03:18:27 --> Undefined array key "awal_ks"
in APPPATH\Views\user\kerjasama.php on line 14.
 1 APPPATH\Views\user\kerjasama.php(14): CodeIgniter\Debug\Exceptions->errorHandler(2, 'Undefined array key "awal_ks"', 'C:\\xampp\\htdocs\\project_web\\app\\Views\\user\\kerjasama.php', 14)
 2 SYSTEMPATH\View\View.php(213): include('C:\\xampp\\htdocs\\project_web\\app\\Views\\user\\kerjasama.php')
 3 SYSTEMPATH\View\View.php(216): CodeIgniter\View\View->CodeIgniter\View\{closure}()
 4 SYSTEMPATH\Common.php(1184): CodeIgniter\View\View->render('user/kerjasama', [], true)
 5 APPPATH\Controllers\Kerjasama.php(20): view('user/kerjasama', [...])
 6 SYSTEMPATH\CodeIgniter.php(934): App\Controllers\Kerjasama->index()
 7 SYSTEMPATH\CodeIgniter.php(499): CodeIgniter\CodeIgniter->runController(Object(App\Controllers\Kerjasama))
 8 SYSTEMPATH\CodeIgniter.php(368): CodeIgniter\CodeIgniter->handleRequest(null, Object(Config\Cache), false)
 9 FCPATH\index.php(67): CodeIgniter\CodeIgniter->run()
10 SYSTEMPATH\Commands\Server\rewrite.php(47): require_once('C:\\xampp\\htdocs\\project_web\\public\\index.php')
INFO - 2023-04-27 03:21:51 --> Session: Class initialized using 'CodeIgniter\Session\Handlers\FileHandler' driver.
CRITICAL - 2023-04-27 03:21:51 --> Undefined array key "awal_ks"
in APPPATH\Views\user\kerjasama.php on line 14.
 1 APPPATH\Views\user\kerjasama.php(14): CodeIgniter\Debug\Exceptions->errorHandler(2, 'Undefined array key "awal_ks"', 'C:\\xampp\\htdocs\\project_web\\app\\Views\\user\\kerjasama.php', 14)
 2 SYSTEMPATH\View\View.php(213): include('C:\\xampp\\htdocs\\project_web\\app\\Views\\user\\kerjasama.php')
 3 SYSTEMPATH\View\View.php(216): CodeIgniter\View\View->CodeIgniter\View\{closure}()
 4 SYSTEMPATH\Common.php(1184): CodeIgniter\View\View->render('user/kerjasama', [], true)
 5 APPPATH\Controllers\Kerjasama.php(21): view('user/kerjasama', [...])
 6 SYSTEMPATH\CodeIgniter.php(934): App\Controllers\Kerjasama->index()
 7 SYSTEMPATH\CodeIgniter.php(499): CodeIgniter\CodeIgniter->runController(Object(App\Controllers\Kerjasama))
 8 SYSTEMPATH\CodeIgniter.php(368): CodeIgniter\CodeIgniter->handleRequest(null, Object(Config\Cache), false)
 9 FCPATH\index.php(67): CodeIgniter\CodeIgniter->run()
10 SYSTEMPATH\Commands\Server\rewrite.php(47): require_once('C:\\xampp\\htdocs\\project_web\\public\\index.php')
INFO - 2023-04-27 03:21:54 --> Session: Class initialized using 'CodeIgniter\Session\Handlers\FileHandler' driver.
CRITICAL - 2023-04-27 03:21:54 --> Undefined array key "awal_ks"
in APPPATH\Views\user\kerjasama.php on line 14.
 1 APPPATH\Views\user\kerjasama.php(14): CodeIgniter\Debug\Exceptions->errorHandler(2, 'Undefined array key "awal_ks"', 'C:\\xampp\\htdocs\\project_web\\app\\Views\\user\\kerjasama.php', 14)
 2 SYSTEMPATH\View\View.php(213): include('C:\\xampp\\htdocs\\project_web\\app\\Views\\user\\kerjasama.php')
 3 SYSTEMPATH\View\View.php(216): CodeIgniter\View\View->CodeIgniter\View\{closure}()
 4 SYSTEMPATH\Common.php(1184): CodeIgniter\View\View->render('user/kerjasama', [], true)
 5 APPPATH\Controllers\Kerjasama.php(21): view('user/kerjasama', [...])
 6 SYSTEMPATH\CodeIgniter.php(934): App\Controllers\Kerjasama->index()
 7 SYSTEMPATH\CodeIgniter.php(499): CodeIgniter\CodeIgniter->runController(Object(App\Controllers\Kerjasama))
 8 SYSTEMPATH\CodeIgniter.php(368): CodeIgniter\CodeIgniter->handleRequest(null, Object(Config\Cache), false)
 9 FCPATH\index.php(67): CodeIgniter\CodeIgniter->run()
10 SYSTEMPATH\Commands\Server\rewrite.php(47): require_once('C:\\xampp\\htdocs\\project_web\\public\\index.php')
INFO - 2023-04-27 03:45:39 --> Session: Class initialized using 'CodeIgniter\Session\Handlers\FileHandler' driver.
CRITICAL - 2023-04-27 03:45:39 --> Undefined array key "awal_ks"
in APPPATH\Views\user\kerjasama.php on line 14.
 1 APPPATH\Views\user\kerjasama.php(14): CodeIgniter\Debug\Exceptions->errorHandler(2, 'Undefined array key "awal_ks"', 'C:\\xampp\\htdocs\\project_web\\app\\Views\\user\\kerjasama.php', 14)
 2 SYSTEMPATH\View\View.php(213): include('C:\\xampp\\htdocs\\project_web\\app\\Views\\user\\kerjasama.php')
 3 SYSTEMPATH\View\View.php(216): CodeIgniter\View\View->CodeIgniter\View\{closure}()
 4 SYSTEMPATH\Common.php(1184): CodeIgniter\View\View->render('user/kerjasama', [], true)
 5 APPPATH\Controllers\Kerjasama.php(21): view('user/kerjasama', [...])
 6 SYSTEMPATH\CodeIgniter.php(934): App\Controllers\Kerjasama->index()
 7 SYSTEMPATH\CodeIgniter.php(499): CodeIgniter\CodeIgniter->runController(Object(App\Controllers\Kerjasama))
 8 SYSTEMPATH\CodeIgniter.php(368): CodeIgniter\CodeIgniter->handleRequest(null, Object(Config\Cache), false)
 9 FCPATH\index.php(67): CodeIgniter\CodeIgniter->run()
10 SYSTEMPATH\Commands\Server\rewrite.php(47): require_once('C:\\xampp\\htdocs\\project_web\\public\\index.php')
INFO - 2023-04-27 03:49:35 --> Session: Class initialized using 'CodeIgniter\Session\Handlers\FileHandler' driver.
CRITICAL - 2023-04-27 03:49:35 --> Undefined array key "awal_ks"
in APPPATH\Views\user\kerjasama.php on line 14.
 1 APPPATH\Views\user\kerjasama.php(14): CodeIgniter\Debug\Exceptions->errorHandler(2, 'Undefined array key "awal_ks"', 'C:\\xampp\\htdocs\\project_web\\app\\Views\\user\\kerjasama.php', 14)
 2 SYSTEMPATH\View\View.php(213): include('C:\\xampp\\htdocs\\project_web\\app\\Views\\user\\kerjasama.php')
 3 SYSTEMPATH\View\View.php(216): CodeIgniter\View\View->CodeIgniter\View\{closure}()
 4 SYSTEMPATH\Common.php(1184): CodeIgniter\View\View->render('user/kerjasama', [], true)
 5 APPPATH\Controllers\Kerjasama.php(21): view('user/kerjasama', [...])
 6 SYSTEMPATH\CodeIgniter.php(934): App\Controllers\Kerjasama->index()
 7 SYSTEMPATH\CodeIgniter.php(499): CodeIgniter\CodeIgniter->runController(Object(App\Controllers\Kerjasama))
 8 SYSTEMPATH\CodeIgniter.php(368): CodeIgniter\CodeIgniter->handleRequest(null, Object(Config\Cache), false)
 9 FCPATH\index.php(67): CodeIgniter\CodeIgniter->run()
10 SYSTEMPATH\Commands\Server\rewrite.php(47): require_once('C:\\xampp\\htdocs\\project_web\\public\\index.php')
INFO - 2023-04-27 03:49:44 --> Session: Class initialized using 'CodeIgniter\Session\Handlers\FileHandler' driver.
CRITICAL - 2023-04-27 03:49:44 --> Undefined variable $tb_uk
in APPPATH\Views\user\kerjasama.php on line 14.
 1 APPPATH\Views\user\kerjasama.php(14): CodeIgniter\Debug\Exceptions->errorHandler(2, 'Undefined variable $tb_uk', 'C:\\xampp\\htdocs\\project_web\\app\\Views\\user\\kerjasama.php', 14)
 2 SYSTEMPATH\View\View.php(213): include('C:\\xampp\\htdocs\\project_web\\app\\Views\\user\\kerjasama.php')
 3 SYSTEMPATH\View\View.php(216): CodeIgniter\View\View->CodeIgniter\View\{closure}()
 4 SYSTEMPATH\Common.php(1184): CodeIgniter\View\View->render('user/kerjasama', [], true)
 5 APPPATH\Controllers\Kerjasama.php(21): view('user/kerjasama', [...])
 6 SYSTEMPATH\CodeIgniter.php(934): App\Controllers\Kerjasama->index()
 7 SYSTEMPATH\CodeIgniter.php(499): CodeIgniter\CodeIgniter->runController(Object(App\Controllers\Kerjasama))
 8 SYSTEMPATH\CodeIgniter.php(368): CodeIgniter\CodeIgniter->handleRequest(null, Object(Config\Cache), false)
 9 FCPATH\index.php(67): CodeIgniter\CodeIgniter->run()
10 SYSTEMPATH\Commands\Server\rewrite.php(47): require_once('C:\\xampp\\htdocs\\project_web\\public\\index.php')
INFO - 2023-04-27 03:50:06 --> Session: Class initialized using 'CodeIgniter\Session\Handlers\FileHandler' driver.
CRITICAL - 2023-04-27 03:50:06 --> Undefined variable $usulan
in APPPATH\Views\user\kerjasama.php on line 14.
 1 APPPATH\Views\user\kerjasama.php(14): CodeIgniter\Debug\Exceptions->errorHandler(2, 'Undefined variable $usulan', 'C:\\xampp\\htdocs\\project_web\\app\\Views\\user\\kerjasama.php', 14)
 2 SYSTEMPATH\View\View.php(213): include('C:\\xampp\\htdocs\\project_web\\app\\Views\\user\\kerjasama.php')
 3 SYSTEMPATH\View\View.php(216): CodeIgniter\View\View->CodeIgniter\View\{closure}()
 4 SYSTEMPATH\Common.php(1184): CodeIgniter\View\View->render('user/kerjasama', [], true)
 5 APPPATH\Controllers\Kerjasama.php(21): view('user/kerjasama', [...])
 6 SYSTEMPATH\CodeIgniter.php(934): App\Controllers\Kerjasama->index()
 7 SYSTEMPATH\CodeIgniter.php(499): CodeIgniter\CodeIgniter->runController(Object(App\Controllers\Kerjasama))
 8 SYSTEMPATH\CodeIgniter.php(368): CodeIgniter\CodeIgniter->handleRequest(null, Object(Config\Cache), false)
 9 FCPATH\index.php(67): CodeIgniter\CodeIgniter->run()
10 SYSTEMPATH\Commands\Server\rewrite.php(47): require_once('C:\\xampp\\htdocs\\project_web\\public\\index.php')
INFO - 2023-04-27 03:50:12 --> Session: Class initialized using 'CodeIgniter\Session\Handlers\FileHandler' driver.
INFO - 2023-04-27 03:53:18 --> Session: Class initialized using 'CodeIgniter\Session\Handlers\FileHandler' driver.
CRITICAL - 2023-04-27 03:53:18 --> Undefined array key "id_uk"
in APPPATH\Views\user\kerjasama.php on line 14.
 1 APPPATH\Views\user\kerjasama.php(14): CodeIgniter\Debug\Exceptions->errorHandler(2, 'Undefined array key "id_uk"', 'C:\\xampp\\htdocs\\project_web\\app\\Views\\user\\kerjasama.php', 14)
 2 SYSTEMPATH\View\View.php(213): include('C:\\xampp\\htdocs\\project_web\\app\\Views\\user\\kerjasama.php')
 3 SYSTEMPATH\View\View.php(216): CodeIgniter\View\View->CodeIgniter\View\{closure}()
 4 SYSTEMPATH\Common.php(1184): CodeIgniter\View\View->render('user/kerjasama', [], true)
 5 APPPATH\Controllers\Kerjasama.php(21): view('user/kerjasama', [...])
 6 SYSTEMPATH\CodeIgniter.php(934): App\Controllers\Kerjasama->index()
 7 SYSTEMPATH\CodeIgniter.php(499): CodeIgniter\CodeIgniter->runController(Object(App\Controllers\Kerjasama))
 8 SYSTEMPATH\CodeIgniter.php(368): CodeIgniter\CodeIgniter->handleRequest(null, Object(Config\Cache), false)
 9 FCPATH\index.php(67): CodeIgniter\CodeIgniter->run()
10 SYSTEMPATH\Commands\Server\rewrite.php(47): require_once('C:\\xampp\\htdocs\\project_web\\public\\index.php')
INFO - 2023-04-27 03:53:40 --> Session: Class initialized using 'CodeIgniter\Session\Handlers\FileHandler' driver.
INFO - 2023-04-27 03:53:43 --> Session: Class initialized using 'CodeIgniter\Session\Handlers\FileHandler' driver.
INFO - 2023-04-27 03:53:45 --> Session: Class initialized using 'CodeIgniter\Session\Handlers\FileHandler' driver.
CRITICAL - 2023-04-27 03:53:45 --> Undefined array key "id_uk"
in APPPATH\Views\user\kerjasama.php on line 14.
 1 APPPATH\Views\user\kerjasama.php(14): CodeIgniter\Debug\Exceptions->errorHandler(2, 'Undefined array key "id_uk"', 'C:\\xampp\\htdocs\\project_web\\app\\Views\\user\\kerjasama.php', 14)
 2 SYSTEMPATH\View\View.php(213): include('C:\\xampp\\htdocs\\project_web\\app\\Views\\user\\kerjasama.php')
 3 SYSTEMPATH\View\View.php(216): CodeIgniter\View\View->CodeIgniter\View\{closure}()
 4 SYSTEMPATH\Common.php(1184): CodeIgniter\View\View->render('user/kerjasama', [], true)
 5 APPPATH\Controllers\Kerjasama.php(21): view('user/kerjasama', [...])
 6 SYSTEMPATH\CodeIgniter.php(934): App\Controllers\Kerjasama->index()
 7 SYSTEMPATH\CodeIgniter.php(499): CodeIgniter\CodeIgniter->runController(Object(App\Controllers\Kerjasama))
 8 SYSTEMPATH\CodeIgniter.php(368): CodeIgniter\CodeIgniter->handleRequest(null, Object(Config\Cache), false)
 9 FCPATH\index.php(67): CodeIgniter\CodeIgniter->run()
10 SYSTEMPATH\Commands\Server\rewrite.php(47): require_once('C:\\xampp\\htdocs\\project_web\\public\\index.php')
INFO - 2023-04-27 03:55:03 --> Session: Class initialized using 'CodeIgniter\Session\Handlers\FileHandler' driver.
CRITICAL - 2023-04-27 03:55:03 --> Array to string conversion
in APPPATH\Views\user\kerjasama.php on line 14.
 1 APPPATH\Views\user\kerjasama.php(14): CodeIgniter\Debug\Exceptions->errorHandler(2, 'Array to string conversion', 'C:\\xampp\\htdocs\\project_web\\app\\Views\\user\\kerjasama.php', 14)
 2 SYSTEMPATH\View\View.php(213): include('C:\\xampp\\htdocs\\project_web\\app\\Views\\user\\kerjasama.php')
 3 SYSTEMPATH\View\View.php(216): CodeIgniter\View\View->CodeIgniter\View\{closure}()
 4 SYSTEMPATH\Common.php(1184): CodeIgniter\View\View->render('user/kerjasama', [], true)
 5 APPPATH\Controllers\Kerjasama.php(21): view('user/kerjasama', [...])
 6 SYSTEMPATH\CodeIgniter.php(934): App\Controllers\Kerjasama->index()
 7 SYSTEMPATH\CodeIgniter.php(499): CodeIgniter\CodeIgniter->runController(Object(App\Controllers\Kerjasama))
 8 SYSTEMPATH\CodeIgniter.php(368): CodeIgniter\CodeIgniter->handleRequest(null, Object(Config\Cache), false)
 9 FCPATH\index.php(67): CodeIgniter\CodeIgniter->run()
10 SYSTEMPATH\Commands\Server\rewrite.php(47): require_once('C:\\xampp\\htdocs\\project_web\\public\\index.php')
INFO - 2023-04-27 03:55:14 --> Session: Class initialized using 'CodeIgniter\Session\Handlers\FileHandler' driver.
CRITICAL - 2023-04-27 03:55:14 --> Undefined array key "id"
in APPPATH\Views\user\kerjasama.php on line 14.
 1 APPPATH\Views\user\kerjasama.php(14): CodeIgniter\Debug\Exceptions->errorHandler(2, 'Undefined array key "id"', 'C:\\xampp\\htdocs\\project_web\\app\\Views\\user\\kerjasama.php', 14)
 2 SYSTEMPATH\View\View.php(213): include('C:\\xampp\\htdocs\\project_web\\app\\Views\\user\\kerjasama.php')
 3 SYSTEMPATH\View\View.php(216): CodeIgniter\View\View->CodeIgniter\View\{closure}()
 4 SYSTEMPATH\Common.php(1184): CodeIgniter\View\View->render('user/kerjasama', [], true)
 5 APPPATH\Controllers\Kerjasama.php(21): view('user/kerjasama', [...])
 6 SYSTEMPATH\CodeIgniter.php(934): App\Controllers\Kerjasama->index()
 7 SYSTEMPATH\CodeIgniter.php(499): CodeIgniter\CodeIgniter->runController(Object(App\Controllers\Kerjasama))
 8 SYSTEMPATH\CodeIgniter.php(368): CodeIgniter\CodeIgniter->handleRequest(null, Object(Config\Cache), false)
 9 FCPATH\index.php(67): CodeIgniter\CodeIgniter->run()
10 SYSTEMPATH\Commands\Server\rewrite.php(47): require_once('C:\\xampp\\htdocs\\project_web\\public\\index.php')
INFO - 2023-04-27 03:59:33 --> Session: Class initialized using 'CodeIgniter\Session\Handlers\FileHandler' driver.
CRITICAL - 2023-04-27 03:59:33 --> Undefined array key "id"
in APPPATH\Views\user\kerjasama.php on line 14.
 1 APPPATH\Views\user\kerjasama.php(14): CodeIgniter\Debug\Exceptions->errorHandler(2, 'Undefined array key "id"', 'C:\\xampp\\htdocs\\project_web\\app\\Views\\user\\kerjasama.php', 14)
 2 SYSTEMPATH\View\View.php(213): include('C:\\xampp\\htdocs\\project_web\\app\\Views\\user\\kerjasama.php')
 3 SYSTEMPATH\View\View.php(216): CodeIgniter\View\View->CodeIgniter\View\{closure}()
 4 SYSTEMPATH\Common.php(1184): CodeIgniter\View\View->render('user/kerjasama', [], true)
 5 APPPATH\Controllers\Kerjasama.php(19): view('user/kerjasama', [...])
 6 SYSTEMPATH\CodeIgniter.php(934): App\Controllers\Kerjasama->index()
 7 SYSTEMPATH\CodeIgniter.php(499): CodeIgniter\CodeIgniter->runController(Object(App\Controllers\Kerjasama))
 8 SYSTEMPATH\CodeIgniter.php(368): CodeIgniter\CodeIgniter->handleRequest(null, Object(Config\Cache), false)
 9 FCPATH\index.php(67): CodeIgniter\CodeIgniter->run()
10 SYSTEMPATH\Commands\Server\rewrite.php(47): require_once('C:\\xampp\\htdocs\\project_web\\public\\index.php')
INFO - 2023-04-27 03:59:48 --> Session: Class initialized using 'CodeIgniter\Session\Handlers\FileHandler' driver.
CRITICAL - 2023-04-27 03:59:48 --> Undefined array key "id_uk"
in APPPATH\Views\user\kerjasama.php on line 14.
 1 APPPATH\Views\user\kerjasama.php(14): CodeIgniter\Debug\Exceptions->errorHandler(2, 'Undefined array key "id_uk"', 'C:\\xampp\\htdocs\\project_web\\app\\Views\\user\\kerjasama.php', 14)
 2 SYSTEMPATH\View\View.php(213): include('C:\\xampp\\htdocs\\project_web\\app\\Views\\user\\kerjasama.php')
 3 SYSTEMPATH\View\View.php(216): CodeIgniter\View\View->CodeIgniter\View\{closure}()
 4 SYSTEMPATH\Common.php(1184): CodeIgniter\View\View->render('user/kerjasama', [], true)
 5 APPPATH\Controllers\Kerjasama.php(19): view('user/kerjasama', [...])
 6 SYSTEMPATH\CodeIgniter.php(934): App\Controllers\Kerjasama->index()
 7 SYSTEMPATH\CodeIgniter.php(499): CodeIgniter\CodeIgniter->runController(Object(App\Controllers\Kerjasama))
 8 SYSTEMPATH\CodeIgniter.php(368): CodeIgniter\CodeIgniter->handleRequest(null, Object(Config\Cache), false)
 9 FCPATH\index.php(67): CodeIgniter\CodeIgniter->run()
10 SYSTEMPATH\Commands\Server\rewrite.php(47): require_once('C:\\xampp\\htdocs\\project_web\\public\\index.php')
INFO - 2023-04-27 04:00:02 --> Session: Class initialized using 'CodeIgniter\Session\Handlers\FileHandler' driver.
CRITICAL - 2023-04-27 04:00:02 --> Undefined variable $data
in APPPATH\Views\user\kerjasama.php on line 14.
 1 APPPATH\Views\user\kerjasama.php(14): CodeIgniter\Debug\Exceptions->errorHandler(2, 'Undefined variable $data', 'C:\\xampp\\htdocs\\project_web\\app\\Views\\user\\kerjasama.php', 14)
 2 SYSTEMPATH\View\View.php(213): include('C:\\xampp\\htdocs\\project_web\\app\\Views\\user\\kerjasama.php')
 3 SYSTEMPATH\View\View.php(216): CodeIgniter\View\View->CodeIgniter\View\{closure}()
 4 SYSTEMPATH\Common.php(1184): CodeIgniter\View\View->render('user/kerjasama', [], true)
 5 APPPATH\Controllers\Kerjasama.php(19): view('user/kerjasama', [...])
 6 SYSTEMPATH\CodeIgniter.php(934): App\Controllers\Kerjasama->index()
 7 SYSTEMPATH\CodeIgniter.php(499): CodeIgniter\CodeIgniter->runController(Object(App\Controllers\Kerjasama))
 8 SYSTEMPATH\CodeIgniter.php(368): CodeIgniter\CodeIgniter->handleRequest(null, Object(Config\Cache), false)
 9 FCPATH\index.php(67): CodeIgniter\CodeIgniter->run()
10 SYSTEMPATH\Commands\Server\rewrite.php(47): require_once('C:\\xampp\\htdocs\\project_web\\public\\index.php')
INFO - 2023-04-27 04:00:10 --> Session: Class initialized using 'CodeIgniter\Session\Handlers\FileHandler' driver.
CRITICAL - 2023-04-27 04:00:10 --> Undefined array key "id_uk"
in APPPATH\Views\user\kerjasama.php on line 14.
 1 APPPATH\Views\user\kerjasama.php(14): CodeIgniter\Debug\Exceptions->errorHandler(2, 'Undefined array key "id_uk"', 'C:\\xampp\\htdocs\\project_web\\app\\Views\\user\\kerjasama.php', 14)
 2 SYSTEMPATH\View\View.php(213): include('C:\\xampp\\htdocs\\project_web\\app\\Views\\user\\kerjasama.php')
 3 SYSTEMPATH\View\View.php(216): CodeIgniter\View\View->CodeIgniter\View\{closure}()
 4 SYSTEMPATH\Common.php(1184): CodeIgniter\View\View->render('user/kerjasama', [], true)
 5 APPPATH\Controllers\Kerjasama.php(19): view('user/kerjasama', [...])
 6 SYSTEMPATH\CodeIgniter.php(934): App\Controllers\Kerjasama->index()
 7 SYSTEMPATH\CodeIgniter.php(499): CodeIgniter\CodeIgniter->runController(Object(App\Controllers\Kerjasama))
 8 SYSTEMPATH\CodeIgniter.php(368): CodeIgniter\CodeIgniter->handleRequest(null, Object(Config\Cache), false)
 9 FCPATH\index.php(67): CodeIgniter\CodeIgniter->run()
10 SYSTEMPATH\Commands\Server\rewrite.php(47): require_once('C:\\xampp\\htdocs\\project_web\\public\\index.php')
INFO - 2023-04-27 04:00:29 --> Session: Class initialized using 'CodeIgniter\Session\Handlers\FileHandler' driver.
CRITICAL - 2023-04-27 04:00:29 --> Undefined array key "id_uk"
in APPPATH\Views\user\kerjasama.php on line 14.
 1 APPPATH\Views\user\kerjasama.php(14): CodeIgniter\Debug\Exceptions->errorHandler(2, 'Undefined array key "id_uk"', 'C:\\xampp\\htdocs\\project_web\\app\\Views\\user\\kerjasama.php', 14)
 2 SYSTEMPATH\View\View.php(213): include('C:\\xampp\\htdocs\\project_web\\app\\Views\\user\\kerjasama.php')
 3 SYSTEMPATH\View\View.php(216): CodeIgniter\View\View->CodeIgniter\View\{closure}()
 4 SYSTEMPATH\Common.php(1184): CodeIgniter\View\View->render('user/kerjasama', [], true)
 5 APPPATH\Controllers\Kerjasama.php(19): view('user/kerjasama', [...])
 6 SYSTEMPATH\CodeIgniter.php(934): App\Controllers\Kerjasama->index()
 7 SYSTEMPATH\CodeIgniter.php(499): CodeIgniter\CodeIgniter->runController(Object(App\Controllers\Kerjasama))
 8 SYSTEMPATH\CodeIgniter.php(368): CodeIgniter\CodeIgniter->handleRequest(null, Object(Config\Cache), false)
 9 FCPATH\index.php(67): CodeIgniter\CodeIgniter->run()
10 SYSTEMPATH\Commands\Server\rewrite.php(47): require_once('C:\\xampp\\htdocs\\project_web\\public\\index.php')
INFO - 2023-04-27 04:00:35 --> Session: Class initialized using 'CodeIgniter\Session\Handlers\FileHandler' driver.
CRITICAL - 2023-04-27 04:00:35 --> Undefined array key "id_uk"
in APPPATH\Views\user\kerjasama.php on line 14.
 1 APPPATH\Views\user\kerjasama.php(14): CodeIgniter\Debug\Exceptions->errorHandler(2, 'Undefined array key "id_uk"', 'C:\\xampp\\htdocs\\project_web\\app\\Views\\user\\kerjasama.php', 14)
 2 SYSTEMPATH\View\View.php(213): include('C:\\xampp\\htdocs\\project_web\\app\\Views\\user\\kerjasama.php')
 3 SYSTEMPATH\View\View.php(216): CodeIgniter\View\View->CodeIgniter\View\{closure}()
 4 SYSTEMPATH\Common.php(1184): CodeIgniter\View\View->render('user/kerjasama', [], true)
 5 APPPATH\Controllers\Kerjasama.php(19): view('user/kerjasama', [...])
 6 SYSTEMPATH\CodeIgniter.php(934): App\Controllers\Kerjasama->index()
 7 SYSTEMPATH\CodeIgniter.php(499): CodeIgniter\CodeIgniter->runController(Object(App\Controllers\Kerjasama))
 8 SYSTEMPATH\CodeIgniter.php(368): CodeIgniter\CodeIgniter->handleRequest(null, Object(Config\Cache), false)
 9 FCPATH\index.php(67): CodeIgniter\CodeIgniter->run()
10 SYSTEMPATH\Commands\Server\rewrite.php(47): require_once('C:\\xampp\\htdocs\\project_web\\public\\index.php')
INFO - 2023-04-27 04:00:50 --> Session: Class initialized using 'CodeIgniter\Session\Handlers\FileHandler' driver.
CRITICAL - 2023-04-27 04:00:50 --> Undefined array key "id_uk"
in APPPATH\Views\user\kerjasama.php on line 14.
 1 APPPATH\Views\user\kerjasama.php(14): CodeIgniter\Debug\Exceptions->errorHandler(2, 'Undefined array key "id_uk"', 'C:\\xampp\\htdocs\\project_web\\app\\Views\\user\\kerjasama.php', 14)
 2 SYSTEMPATH\View\View.php(213): include('C:\\xampp\\htdocs\\project_web\\app\\Views\\user\\kerjasama.php')
 3 SYSTEMPATH\View\View.php(216): CodeIgniter\View\View->CodeIgniter\View\{closure}()
 4 SYSTEMPATH\Common.php(1184): CodeIgniter\View\View->render('user/kerjasama', [], true)
 5 APPPATH\Controllers\Kerjasama.php(19): view('user/kerjasama', [...])
 6 SYSTEMPATH\CodeIgniter.php(934): App\Controllers\Kerjasama->index()
 7 SYSTEMPATH\CodeIgniter.php(499): CodeIgniter\CodeIgniter->runController(Object(App\Controllers\Kerjasama))
 8 SYSTEMPATH\CodeIgniter.php(368): CodeIgniter\CodeIgniter->handleRequest(null, Object(Config\Cache), false)
 9 FCPATH\index.php(67): CodeIgniter\CodeIgniter->run()
10 SYSTEMPATH\Commands\Server\rewrite.php(47): require_once('C:\\xampp\\htdocs\\project_web\\public\\index.php')
INFO - 2023-04-27 04:04:01 --> Session: Class initialized using 'CodeIgniter\Session\Handlers\FileHandler' driver.
CRITICAL - 2023-04-27 04:04:01 --> Undefined array key "id_uk"
in APPPATH\Views\user\kerjasama.php on line 14.
 1 APPPATH\Views\user\kerjasama.php(14): CodeIgniter\Debug\Exceptions->errorHandler(2, 'Undefined array key "id_uk"', 'C:\\xampp\\htdocs\\project_web\\app\\Views\\user\\kerjasama.php', 14)
 2 SYSTEMPATH\View\View.php(213): include('C:\\xampp\\htdocs\\project_web\\app\\Views\\user\\kerjasama.php')
 3 SYSTEMPATH\View\View.php(216): CodeIgniter\View\View->CodeIgniter\View\{closure}()
 4 SYSTEMPATH\Common.php(1184): CodeIgniter\View\View->render('user/kerjasama', [], true)
 5 APPPATH\Controllers\Kerjasama.php(19): view('user/kerjasama', [...])
 6 SYSTEMPATH\CodeIgniter.php(934): App\Controllers\Kerjasama->index()
 7 SYSTEMPATH\CodeIgniter.php(499): CodeIgniter\CodeIgniter->runController(Object(App\Controllers\Kerjasama))
 8 SYSTEMPATH\CodeIgniter.php(368): CodeIgniter\CodeIgniter->handleRequest(null, Object(Config\Cache), false)
 9 FCPATH\index.php(67): CodeIgniter\CodeIgniter->run()
10 SYSTEMPATH\Commands\Server\rewrite.php(47): require_once('C:\\xampp\\htdocs\\project_web\\public\\index.php')
INFO - 2023-04-27 04:04:28 --> Session: Class initialized using 'CodeIgniter\Session\Handlers\FileHandler' driver.
CRITICAL - 2023-04-27 04:04:28 --> Undefined variable $tb_uk
in APPPATH\Views\user\kerjasama.php on line 14.
 1 APPPATH\Views\user\kerjasama.php(14): CodeIgniter\Debug\Exceptions->errorHandler(2, 'Undefined variable $tb_uk', 'C:\\xampp\\htdocs\\project_web\\app\\Views\\user\\kerjasama.php', 14)
 2 SYSTEMPATH\View\View.php(213): include('C:\\xampp\\htdocs\\project_web\\app\\Views\\user\\kerjasama.php')
 3 SYSTEMPATH\View\View.php(216): CodeIgniter\View\View->CodeIgniter\View\{closure}()
 4 SYSTEMPATH\Common.php(1184): CodeIgniter\View\View->render('user/kerjasama', [], true)
 5 APPPATH\Controllers\Kerjasama.php(19): view('user/kerjasama', [...])
 6 SYSTEMPATH\CodeIgniter.php(934): App\Controllers\Kerjasama->index()
 7 SYSTEMPATH\CodeIgniter.php(499): CodeIgniter\CodeIgniter->runController(Object(App\Controllers\Kerjasama))
 8 SYSTEMPATH\CodeIgniter.php(368): CodeIgniter\CodeIgniter->handleRequest(null, Object(Config\Cache), false)
 9 FCPATH\index.php(67): CodeIgniter\CodeIgniter->run()
10 SYSTEMPATH\Commands\Server\rewrite.php(47): require_once('C:\\xampp\\htdocs\\project_web\\public\\index.php')
INFO - 2023-04-27 04:04:44 --> Session: Class initialized using 'CodeIgniter\Session\Handlers\FileHandler' driver.
CRITICAL - 2023-04-27 04:04:44 --> Undefined array key "id_uk"
in APPPATH\Views\user\kerjasama.php on line 14.
 1 APPPATH\Views\user\kerjasama.php(14): CodeIgniter\Debug\Exceptions->errorHandler(2, 'Undefined array key "id_uk"', 'C:\\xampp\\htdocs\\project_web\\app\\Views\\user\\kerjasama.php', 14)
 2 SYSTEMPATH\View\View.php(213): include('C:\\xampp\\htdocs\\project_web\\app\\Views\\user\\kerjasama.php')
 3 SYSTEMPATH\View\View.php(216): CodeIgniter\View\View->CodeIgniter\View\{closure}()
 4 SYSTEMPATH\Common.php(1184): CodeIgniter\View\View->render('user/kerjasama', [], true)
 5 APPPATH\Controllers\Kerjasama.php(19): view('user/kerjasama', [...])
 6 SYSTEMPATH\CodeIgniter.php(934): App\Controllers\Kerjasama->index()
 7 SYSTEMPATH\CodeIgniter.php(499): CodeIgniter\CodeIgniter->runController(Object(App\Controllers\Kerjasama))
 8 SYSTEMPATH\CodeIgniter.php(368): CodeIgniter\CodeIgniter->handleRequest(null, Object(Config\Cache), false)
 9 FCPATH\index.php(67): CodeIgniter\CodeIgniter->run()
10 SYSTEMPATH\Commands\Server\rewrite.php(47): require_once('C:\\xampp\\htdocs\\project_web\\public\\index.php')
INFO - 2023-04-27 04:05:13 --> Session: Class initialized using 'CodeIgniter\Session\Handlers\FileHandler' driver.
CRITICAL - 2023-04-27 04:05:13 --> Array to string conversion
in APPPATH\Views\user\kerjasama.php on line 14.
 1 APPPATH\Views\user\kerjasama.php(14): CodeIgniter\Debug\Exceptions->errorHandler(2, 'Array to string conversion', 'C:\\xampp\\htdocs\\project_web\\app\\Views\\user\\kerjasama.php', 14)
 2 SYSTEMPATH\View\View.php(213): include('C:\\xampp\\htdocs\\project_web\\app\\Views\\user\\kerjasama.php')
 3 SYSTEMPATH\View\View.php(216): CodeIgniter\View\View->CodeIgniter\View\{closure}()
 4 SYSTEMPATH\Common.php(1184): CodeIgniter\View\View->render('user/kerjasama', [], true)
 5 APPPATH\Controllers\Kerjasama.php(19): view('user/kerjasama', [...])
 6 SYSTEMPATH\CodeIgniter.php(934): App\Controllers\Kerjasama->index()
 7 SYSTEMPATH\CodeIgniter.php(499): CodeIgniter\CodeIgniter->runController(Object(App\Controllers\Kerjasama))
 8 SYSTEMPATH\CodeIgniter.php(368): CodeIgniter\CodeIgniter->handleRequest(null, Object(Config\Cache), false)
 9 FCPATH\index.php(67): CodeIgniter\CodeIgniter->run()
10 SYSTEMPATH\Commands\Server\rewrite.php(47): require_once('C:\\xampp\\htdocs\\project_web\\public\\index.php')
INFO - 2023-04-27 04:05:25 --> Session: Class initialized using 'CodeIgniter\Session\Handlers\FileHandler' driver.
CRITICAL - 2023-04-27 04:05:25 --> Array to string conversion
in APPPATH\Views\user\kerjasama.php on line 14.
 1 APPPATH\Views\user\kerjasama.php(14): CodeIgniter\Debug\Exceptions->errorHandler(2, 'Array to string conversion', 'C:\\xampp\\htdocs\\project_web\\app\\Views\\user\\kerjasama.php', 14)
 2 SYSTEMPATH\View\View.php(213): include('C:\\xampp\\htdocs\\project_web\\app\\Views\\user\\kerjasama.php')
 3 SYSTEMPATH\View\View.php(216): CodeIgniter\View\View->CodeIgniter\View\{closure}()
 4 SYSTEMPATH\Common.php(1184): CodeIgniter\View\View->render('user/kerjasama', [], true)
 5 APPPATH\Controllers\Kerjasama.php(19): view('user/kerjasama', [...])
 6 SYSTEMPATH\CodeIgniter.php(934): App\Controllers\Kerjasama->index()
 7 SYSTEMPATH\CodeIgniter.php(499): CodeIgniter\CodeIgniter->runController(Object(App\Controllers\Kerjasama))
 8 SYSTEMPATH\CodeIgniter.php(368): CodeIgniter\CodeIgniter->handleRequest(null, Object(Config\Cache), false)
 9 FCPATH\index.php(67): CodeIgniter\CodeIgniter->run()
10 SYSTEMPATH\Commands\Server\rewrite.php(47): require_once('C:\\xampp\\htdocs\\project_web\\public\\index.php')
INFO - 2023-04-27 04:05:35 --> Session: Class initialized using 'CodeIgniter\Session\Handlers\FileHandler' driver.
CRITICAL - 2023-04-27 04:05:35 --> Undefined constant "saya"
in APPPATH\Views\user\kerjasama.php on line 14.
 1 SYSTEMPATH\View\View.php(213): include()
 2 SYSTEMPATH\View\View.php(216): CodeIgniter\View\View->CodeIgniter\View\{closure}()
 3 SYSTEMPATH\Common.php(1184): CodeIgniter\View\View->render('user/kerjasama', [], true)
 4 APPPATH\Controllers\Kerjasama.php(19): view('user/kerjasama', [...])
 5 SYSTEMPATH\CodeIgniter.php(934): App\Controllers\Kerjasama->index()
 6 SYSTEMPATH\CodeIgniter.php(499): CodeIgniter\CodeIgniter->runController(Object(App\Controllers\Kerjasama))
 7 SYSTEMPATH\CodeIgniter.php(368): CodeIgniter\CodeIgniter->handleRequest(null, Object(Config\Cache), false)
 8 FCPATH\index.php(67): CodeIgniter\CodeIgniter->run()
 9 SYSTEMPATH\Commands\Server\rewrite.php(47): require_once('C:\\xampp\\htdocs\\project_web\\public\\index.php')
INFO - 2023-04-27 04:05:51 --> Session: Class initialized using 'CodeIgniter\Session\Handlers\FileHandler' driver.
CRITICAL - 2023-04-27 04:05:51 --> Undefined array key "id_uk"
in APPPATH\Views\user\kerjasama.php on line 14.
 1 APPPATH\Views\user\kerjasama.php(14): CodeIgniter\Debug\Exceptions->errorHandler(2, 'Undefined array key "id_uk"', 'C:\\xampp\\htdocs\\project_web\\app\\Views\\user\\kerjasama.php', 14)
 2 SYSTEMPATH\View\View.php(213): include('C:\\xampp\\htdocs\\project_web\\app\\Views\\user\\kerjasama.php')
 3 SYSTEMPATH\View\View.php(216): CodeIgniter\View\View->CodeIgniter\View\{closure}()
 4 SYSTEMPATH\Common.php(1184): CodeIgniter\View\View->render('user/kerjasama', [], true)
 5 APPPATH\Controllers\Kerjasama.php(19): view('user/kerjasama', [...])
 6 SYSTEMPATH\CodeIgniter.php(934): App\Controllers\Kerjasama->index()
 7 SYSTEMPATH\CodeIgniter.php(499): CodeIgniter\CodeIgniter->runController(Object(App\Controllers\Kerjasama))
 8 SYSTEMPATH\CodeIgniter.php(368): CodeIgniter\CodeIgniter->handleRequest(null, Object(Config\Cache), false)
 9 FCPATH\index.php(67): CodeIgniter\CodeIgniter->run()
10 SYSTEMPATH\Commands\Server\rewrite.php(47): require_once('C:\\xampp\\htdocs\\project_web\\public\\index.php')
INFO - 2023-04-27 04:06:47 --> Session: Class initialized using 'CodeIgniter\Session\Handlers\FileHandler' driver.
CRITICAL - 2023-04-27 04:06:47 --> Undefined array key "perihal_uk"
in APPPATH\Views\user\kerjasama.php on line 14.
 1 APPPATH\Views\user\kerjasama.php(14): CodeIgniter\Debug\Exceptions->errorHandler(2, 'Undefined array key "perihal_uk"', 'C:\\xampp\\htdocs\\project_web\\app\\Views\\user\\kerjasama.php', 14)
 2 SYSTEMPATH\View\View.php(213): include('C:\\xampp\\htdocs\\project_web\\app\\Views\\user\\kerjasama.php')
 3 SYSTEMPATH\View\View.php(216): CodeIgniter\View\View->CodeIgniter\View\{closure}()
 4 SYSTEMPATH\Common.php(1184): CodeIgniter\View\View->render('user/kerjasama', [], true)
 5 APPPATH\Controllers\Kerjasama.php(19): view('user/kerjasama', [...])
 6 SYSTEMPATH\CodeIgniter.php(934): App\Controllers\Kerjasama->index()
 7 SYSTEMPATH\CodeIgniter.php(499): CodeIgniter\CodeIgniter->runController(Object(App\Controllers\Kerjasama))
 8 SYSTEMPATH\CodeIgniter.php(368): CodeIgniter\CodeIgniter->handleRequest(null, Object(Config\Cache), false)
 9 FCPATH\index.php(67): CodeIgniter\CodeIgniter->run()
10 SYSTEMPATH\Commands\Server\rewrite.php(47): require_once('C:\\xampp\\htdocs\\project_web\\public\\index.php')
INFO - 2023-04-27 04:08:13 --> Session: Class initialized using 'CodeIgniter\Session\Handlers\FileHandler' driver.
CRITICAL - 2023-04-27 04:08:13 --> CodeIgniter\BaseModel::findAll(): Argument #1 ($limit) must be of type int, string given, called in C:\xampp\htdocs\project_web\app\Controllers\Kerjasama.php on line 17
in SYSTEMPATH\BaseModel.php on line 601.
 1 APPPATH\Controllers\Kerjasama.php(17): CodeIgniter\BaseModel->findAll('id_uk')
 2 SYSTEMPATH\CodeIgniter.php(934): App\Controllers\Kerjasama->index()
 3 SYSTEMPATH\CodeIgniter.php(499): CodeIgniter\CodeIgniter->runController(Object(App\Controllers\Kerjasama))
 4 SYSTEMPATH\CodeIgniter.php(368): CodeIgniter\CodeIgniter->handleRequest(null, Object(Config\Cache), false)
 5 FCPATH\index.php(67): CodeIgniter\CodeIgniter->run()
 6 SYSTEMPATH\Commands\Server\rewrite.php(47): require_once('C:\\xampp\\htdocs\\project_web\\public\\index.php')
INFO - 2023-04-27 04:08:33 --> Session: Class initialized using 'CodeIgniter\Session\Handlers\FileHandler' driver.
CRITICAL - 2023-04-27 04:08:33 --> Undefined array key "perihal_uk"
in APPPATH\Views\user\kerjasama.php on line 14.
 1 APPPATH\Views\user\kerjasama.php(14): CodeIgniter\Debug\Exceptions->errorHandler(2, 'Undefined array key "perihal_uk"', 'C:\\xampp\\htdocs\\project_web\\app\\Views\\user\\kerjasama.php', 14)
 2 SYSTEMPATH\View\View.php(213): include('C:\\xampp\\htdocs\\project_web\\app\\Views\\user\\kerjasama.php')
 3 SYSTEMPATH\View\View.php(216): CodeIgniter\View\View->CodeIgniter\View\{closure}()
 4 SYSTEMPATH\Common.php(1184): CodeIgniter\View\View->render('user/kerjasama', [], true)
 5 APPPATH\Controllers\Kerjasama.php(19): view('user/kerjasama', [...])
 6 SYSTEMPATH\CodeIgniter.php(934): App\Controllers\Kerjasama->index()
 7 SYSTEMPATH\CodeIgniter.php(499): CodeIgniter\CodeIgniter->runController(Object(App\Controllers\Kerjasama))
 8 SYSTEMPATH\CodeIgniter.php(368): CodeIgniter\CodeIgniter->handleRequest(null, Object(Config\Cache), false)
 9 FCPATH\index.php(67): CodeIgniter\CodeIgniter->run()
10 SYSTEMPATH\Commands\Server\rewrite.php(47): require_once('C:\\xampp\\htdocs\\project_web\\public\\index.php')
INFO - 2023-04-27 04:10:49 --> Session: Class initialized using 'CodeIgniter\Session\Handlers\FileHandler' driver.
CRITICAL - 2023-04-27 04:10:49 --> Undefined array key "perihal_uk"
in APPPATH\Views\user\kerjasama.php on line 14.
 1 APPPATH\Views\user\kerjasama.php(14): CodeIgniter\Debug\Exceptions->errorHandler(2, 'Undefined array key "perihal_uk"', 'C:\\xampp\\htdocs\\project_web\\app\\Views\\user\\kerjasama.php', 14)
 2 SYSTEMPATH\View\View.php(213): include('C:\\xampp\\htdocs\\project_web\\app\\Views\\user\\kerjasama.php')
 3 SYSTEMPATH\View\View.php(216): CodeIgniter\View\View->CodeIgniter\View\{closure}()
 4 SYSTEMPATH\Common.php(1184): CodeIgniter\View\View->render('user/kerjasama', [], true)
 5 APPPATH\Controllers\Kerjasama.php(19): view('user/kerjasama', [...])
 6 SYSTEMPATH\CodeIgniter.php(934): App\Controllers\Kerjasama->index()
 7 SYSTEMPATH\CodeIgniter.php(499): CodeIgniter\CodeIgniter->runController(Object(App\Controllers\Kerjasama))
 8 SYSTEMPATH\CodeIgniter.php(368): CodeIgniter\CodeIgniter->handleRequest(null, Object(Config\Cache), false)
 9 FCPATH\index.php(67): CodeIgniter\CodeIgniter->run()
10 SYSTEMPATH\Commands\Server\rewrite.php(47): require_once('C:\\xampp\\htdocs\\project_web\\public\\index.php')
INFO - 2023-04-27 04:10:54 --> Session: Class initialized using 'CodeIgniter\Session\Handlers\FileHandler' driver.
INFO - 2023-04-27 04:11:26 --> Session: Class initialized using 'CodeIgniter\Session\Handlers\FileHandler' driver.
CRITICAL - 2023-04-27 04:11:26 --> Undefined array key ""
in APPPATH\Views\user\kerjasama.php on line 14.
 1 APPPATH\Views\user\kerjasama.php(14): CodeIgniter\Debug\Exceptions->errorHandler(2, 'Undefined array key ""', 'C:\\xampp\\htdocs\\project_web\\app\\Views\\user\\kerjasama.php', 14)
 2 SYSTEMPATH\View\View.php(213): include('C:\\xampp\\htdocs\\project_web\\app\\Views\\user\\kerjasama.php')
 3 SYSTEMPATH\View\View.php(216): CodeIgniter\View\View->CodeIgniter\View\{closure}()
 4 SYSTEMPATH\Common.php(1184): CodeIgniter\View\View->render('user/kerjasama', [], true)
 5 APPPATH\Controllers\Kerjasama.php(19): view('user/kerjasama', [...])
 6 SYSTEMPATH\CodeIgniter.php(934): App\Controllers\Kerjasama->index()
 7 SYSTEMPATH\CodeIgniter.php(499): CodeIgniter\CodeIgniter->runController(Object(App\Controllers\Kerjasama))
 8 SYSTEMPATH\CodeIgniter.php(368): CodeIgniter\CodeIgniter->handleRequest(null, Object(Config\Cache), false)
 9 FCPATH\index.php(67): CodeIgniter\CodeIgniter->run()
10 SYSTEMPATH\Commands\Server\rewrite.php(47): require_once('C:\\xampp\\htdocs\\project_web\\public\\index.php')
INFO - 2023-04-27 04:11:32 --> Session: Class initialized using 'CodeIgniter\Session\Handlers\FileHandler' driver.
CRITICAL - 2023-04-27 04:11:32 --> Cannot use [] for reading
in APPPATH\Views\user\kerjasama.php on line 14.
 1 [internal function]: CodeIgniter\Debug\Exceptions->shutdownHandler()
INFO - 2023-04-27 04:11:42 --> Session: Class initialized using 'CodeIgniter\Session\Handlers\FileHandler' driver.
CRITICAL - 2023-04-27 04:11:42 --> Undefined array key ""
in APPPATH\Views\user\kerjasama.php on line 14.
 1 APPPATH\Views\user\kerjasama.php(14): CodeIgniter\Debug\Exceptions->errorHandler(2, 'Undefined array key ""', 'C:\\xampp\\htdocs\\project_web\\app\\Views\\user\\kerjasama.php', 14)
 2 SYSTEMPATH\View\View.php(213): include('C:\\xampp\\htdocs\\project_web\\app\\Views\\user\\kerjasama.php')
 3 SYSTEMPATH\View\View.php(216): CodeIgniter\View\View->CodeIgniter\View\{closure}()
 4 SYSTEMPATH\Common.php(1184): CodeIgniter\View\View->render('user/kerjasama', [], true)
 5 APPPATH\Controllers\Kerjasama.php(19): view('user/kerjasama', [...])
 6 SYSTEMPATH\CodeIgniter.php(934): App\Controllers\Kerjasama->index()
 7 SYSTEMPATH\CodeIgniter.php(499): CodeIgniter\CodeIgniter->runController(Object(App\Controllers\Kerjasama))
 8 SYSTEMPATH\CodeIgniter.php(368): CodeIgniter\CodeIgniter->handleRequest(null, Object(Config\Cache), false)
 9 FCPATH\index.php(67): CodeIgniter\CodeIgniter->run()
10 SYSTEMPATH\Commands\Server\rewrite.php(47): require_once('C:\\xampp\\htdocs\\project_web\\public\\index.php')
INFO - 2023-04-27 04:12:09 --> Session: Class initialized using 'CodeIgniter\Session\Handlers\FileHandler' driver.
CRITICAL - 2023-04-27 04:12:09 --> Undefined array key "bentuk_kegiatan"
in APPPATH\Views\user\kerjasama.php on line 14.
 1 APPPATH\Views\user\kerjasama.php(14): CodeIgniter\Debug\Exceptions->errorHandler(2, 'Undefined array key "bentuk_kegiatan"', 'C:\\xampp\\htdocs\\project_web\\app\\Views\\user\\kerjasama.php', 14)
 2 SYSTEMPATH\View\View.php(213): include('C:\\xampp\\htdocs\\project_web\\app\\Views\\user\\kerjasama.php')
 3 SYSTEMPATH\View\View.php(216): CodeIgniter\View\View->CodeIgniter\View\{closure}()
 4 SYSTEMPATH\Common.php(1184): CodeIgniter\View\View->render('user/kerjasama', [], true)
 5 APPPATH\Controllers\Kerjasama.php(19): view('user/kerjasama', [...])
 6 SYSTEMPATH\CodeIgniter.php(934): App\Controllers\Kerjasama->index()
 7 SYSTEMPATH\CodeIgniter.php(499): CodeIgniter\CodeIgniter->runController(Object(App\Controllers\Kerjasama))
 8 SYSTEMPATH\CodeIgniter.php(368): CodeIgniter\CodeIgniter->handleRequest(null, Object(Config\Cache), false)
 9 FCPATH\index.php(67): CodeIgniter\CodeIgniter->run()
10 SYSTEMPATH\Commands\Server\rewrite.php(47): require_once('C:\\xampp\\htdocs\\project_web\\public\\index.php')
INFO - 2023-04-27 04:14:29 --> Session: Class initialized using 'CodeIgniter\Session\Handlers\FileHandler' driver.
INFO - 2023-04-27 04:14:33 --> Session: Class initialized using 'CodeIgniter\Session\Handlers\FileHandler' driver.
INFO - 2023-04-27 04:14:35 --> Session: Class initialized using 'CodeIgniter\Session\Handlers\FileHandler' driver.
INFO - 2023-04-27 04:14:36 --> Session: Class initialized using 'CodeIgniter\Session\Handlers\FileHandler' driver.
INFO - 2023-04-27 04:14:38 --> Session: Class initialized using 'CodeIgniter\Session\Handlers\FileHandler' driver.
INFO - 2023-04-27 04:18:10 --> Session: Class initialized using 'CodeIgniter\Session\Handlers\FileHandler' driver.
INFO - 2023-04-27 04:18:13 --> Session: Class initialized using 'CodeIgniter\Session\Handlers\FileHandler' driver.
CRITICAL - 2023-04-27 04:18:14 --> Undefined array key "id_uk"
in APPPATH\Views\user\kerjasama.php on line 14.
 1 APPPATH\Views\user\kerjasama.php(14): CodeIgniter\Debug\Exceptions->errorHandler(2, 'Undefined array key "id_uk"', 'C:\\xampp\\htdocs\\project_web\\app\\Views\\user\\kerjasama.php', 14)
 2 SYSTEMPATH\View\View.php(213): include('C:\\xampp\\htdocs\\project_web\\app\\Views\\user\\kerjasama.php')
 3 SYSTEMPATH\View\View.php(216): CodeIgniter\View\View->CodeIgniter\View\{closure}()
 4 SYSTEMPATH\Common.php(1184): CodeIgniter\View\View->render('user/kerjasama', [], true)
 5 APPPATH\Controllers\Kerjasama.php(19): view('user/kerjasama', [...])
 6 SYSTEMPATH\CodeIgniter.php(934): App\Controllers\Kerjasama->index()
 7 SYSTEMPATH\CodeIgniter.php(499): CodeIgniter\CodeIgniter->runController(Object(App\Controllers\Kerjasama))
 8 SYSTEMPATH\CodeIgniter.php(368): CodeIgniter\CodeIgniter->handleRequest(null, Object(Config\Cache), false)
 9 FCPATH\index.php(67): CodeIgniter\CodeIgniter->run()
10 SYSTEMPATH\Commands\Server\rewrite.php(47): require_once('C:\\xampp\\htdocs\\project_web\\public\\index.php')
INFO - 2023-04-27 04:20:27 --> Session: Class initialized using 'CodeIgniter\Session\Handlers\FileHandler' driver.
CRITICAL - 2023-04-27 04:20:27 --> Undefined array key "id_uk"
in APPPATH\Views\user\kerjasama.php on line 14.
 1 APPPATH\Views\user\kerjasama.php(14): CodeIgniter\Debug\Exceptions->errorHandler(2, 'Undefined array key "id_uk"', 'C:\\xampp\\htdocs\\project_web\\app\\Views\\user\\kerjasama.php', 14)
 2 SYSTEMPATH\View\View.php(213): include('C:\\xampp\\htdocs\\project_web\\app\\Views\\user\\kerjasama.php')
 3 SYSTEMPATH\View\View.php(216): CodeIgniter\View\View->CodeIgniter\View\{closure}()
 4 SYSTEMPATH\Common.php(1184): CodeIgniter\View\View->render('user/kerjasama', [], true)
 5 APPPATH\Controllers\Kerjasama.php(19): view('user/kerjasama', [...])
 6 SYSTEMPATH\CodeIgniter.php(934): App\Controllers\Kerjasama->index()
 7 SYSTEMPATH\CodeIgniter.php(499): CodeIgniter\CodeIgniter->runController(Object(App\Controllers\Kerjasama))
 8 SYSTEMPATH\CodeIgniter.php(368): CodeIgniter\CodeIgniter->handleRequest(null, Object(Config\Cache), false)
 9 FCPATH\index.php(67): CodeIgniter\CodeIgniter->run()
10 SYSTEMPATH\Commands\Server\rewrite.php(47): require_once('C:\\xampp\\htdocs\\project_web\\public\\index.php')
INFO - 2023-04-27 04:25:09 --> Session: Class initialized using 'CodeIgniter\Session\Handlers\FileHandler' driver.
CRITICAL - 2023-04-27 04:25:09 --> Undefined variable $tb_uks
in APPPATH\Views\user\kerjasama.php on line 14.
 1 APPPATH\Views\user\kerjasama.php(14): CodeIgniter\Debug\Exceptions->errorHandler(2, 'Undefined variable $tb_uks', 'C:\\xampp\\htdocs\\project_web\\app\\Views\\user\\kerjasama.php', 14)
 2 SYSTEMPATH\View\View.php(213): include('C:\\xampp\\htdocs\\project_web\\app\\Views\\user\\kerjasama.php')
 3 SYSTEMPATH\View\View.php(216): CodeIgniter\View\View->CodeIgniter\View\{closure}()
 4 SYSTEMPATH\Common.php(1184): CodeIgniter\View\View->render('user/kerjasama', [], true)
 5 APPPATH\Controllers\Kerjasama.php(19): view('user/kerjasama', [...])
 6 SYSTEMPATH\CodeIgniter.php(934): App\Controllers\Kerjasama->index()
 7 SYSTEMPATH\CodeIgniter.php(499): CodeIgniter\CodeIgniter->runController(Object(App\Controllers\Kerjasama))
 8 SYSTEMPATH\CodeIgniter.php(368): CodeIgniter\CodeIgniter->handleRequest(null, Object(Config\Cache), false)
 9 FCPATH\index.php(67): CodeIgniter\CodeIgniter->run()
10 SYSTEMPATH\Commands\Server\rewrite.php(47): require_once('C:\\xampp\\htdocs\\project_web\\public\\index.php')
INFO - 2023-04-27 04:25:27 --> Session: Class initialized using 'CodeIgniter\Session\Handlers\FileHandler' driver.
INFO - 2023-04-27 04:25:44 --> Session: Class initialized using 'CodeIgniter\Session\Handlers\FileHandler' driver.
CRITICAL - 2023-04-27 04:25:44 --> Undefined array key "perihal_uk"
in APPPATH\Views\user\kerjasama.php on line 15.
 1 APPPATH\Views\user\kerjasama.php(15): CodeIgniter\Debug\Exceptions->errorHandler(2, 'Undefined array key "perihal_uk"', 'C:\\xampp\\htdocs\\project_web\\app\\Views\\user\\kerjasama.php', 15)
 2 SYSTEMPATH\View\View.php(213): include('C:\\xampp\\htdocs\\project_web\\app\\Views\\user\\kerjasama.php')
 3 SYSTEMPATH\View\View.php(216): CodeIgniter\View\View->CodeIgniter\View\{closure}()
 4 SYSTEMPATH\Common.php(1184): CodeIgniter\View\View->render('user/kerjasama', [], true)
 5 APPPATH\Controllers\Kerjasama.php(19): view('user/kerjasama', [...])
 6 SYSTEMPATH\CodeIgniter.php(934): App\Controllers\Kerjasama->index()
 7 SYSTEMPATH\CodeIgniter.php(499): CodeIgniter\CodeIgniter->runController(Object(App\Controllers\Kerjasama))
 8 SYSTEMPATH\CodeIgniter.php(368): CodeIgniter\CodeIgniter->handleRequest(null, Object(Config\Cache), false)
 9 FCPATH\index.php(67): CodeIgniter\CodeIgniter->run()
10 SYSTEMPATH\Commands\Server\rewrite.php(47): require_once('C:\\xampp\\htdocs\\project_web\\public\\index.php')
INFO - 2023-04-27 04:25:56 --> Session: Class initialized using 'CodeIgniter\Session\Handlers\FileHandler' driver.
INFO - 2023-04-27 04:29:25 --> Session: Class initialized using 'CodeIgniter\Session\Handlers\FileHandler' driver.
INFO - 2023-04-27 04:29:51 --> Session: Class initialized using 'CodeIgniter\Session\Handlers\FileHandler' driver.
INFO - 2023-04-27 04:30:21 --> Session: Class initialized using 'CodeIgniter\Session\Handlers\FileHandler' driver.
INFO - 2023-04-27 04:30:46 --> Session: Class initialized using 'CodeIgniter\Session\Handlers\FileHandler' driver.
INFO - 2023-04-27 04:31:59 --> Session: Class initialized using 'CodeIgniter\Session\Handlers\FileHandler' driver.
INFO - 2023-04-27 04:36:38 --> Session: Class initialized using 'CodeIgniter\Session\Handlers\FileHandler' driver.
INFO - 2023-04-27 04:37:07 --> Session: Class initialized using 'CodeIgniter\Session\Handlers\FileHandler' driver.
INFO - 2023-04-27 04:38:43 --> Session: Class initialized using 'CodeIgniter\Session\Handlers\FileHandler' driver.
INFO - 2023-04-27 04:39:01 --> Session: Class initialized using 'CodeIgniter\Session\Handlers\FileHandler' driver.
INFO - 2023-04-27 04:39:32 --> Session: Class initialized using 'CodeIgniter\Session\Handlers\FileHandler' driver.
INFO - 2023-04-27 04:39:47 --> Session: Class initialized using 'CodeIgniter\Session\Handlers\FileHandler' driver.
INFO - 2023-04-27 04:40:25 --> Session: Class initialized using 'CodeIgniter\Session\Handlers\FileHandler' driver.
INFO - 2023-04-27 04:40:52 --> Session: Class initialized using 'CodeIgniter\Session\Handlers\FileHandler' driver.
INFO - 2023-04-27 04:47:43 --> Session: Class initialized using 'CodeIgniter\Session\Handlers\FileHandler' driver.
INFO - 2023-04-27 04:50:08 --> Session: Class initialized using 'CodeIgniter\Session\Handlers\FileHandler' driver.
INFO - 2023-04-27 04:51:27 --> Session: Class initialized using 'CodeIgniter\Session\Handlers\FileHandler' driver.
INFO - 2023-04-27 04:51:43 --> Session: Class initialized using 'CodeIgniter\Session\Handlers\FileHandler' driver.
INFO - 2023-04-27 04:52:15 --> Session: Class initialized using 'CodeIgniter\Session\Handlers\FileHandler' driver.
INFO - 2023-04-27 04:52:28 --> Session: Class initialized using 'CodeIgniter\Session\Handlers\FileHandler' driver.
INFO - 2023-04-27 04:53:01 --> Session: Class initialized using 'CodeIgniter\Session\Handlers\FileHandler' driver.
INFO - 2023-04-27 04:53:19 --> Session: Class initialized using 'CodeIgniter\Session\Handlers\FileHandler' driver.
INFO - 2023-04-27 04:53:25 --> Session: Class initialized using 'CodeIgniter\Session\Handlers\FileHandler' driver.
INFO - 2023-04-27 04:55:23 --> Session: Class initialized using 'CodeIgniter\Session\Handlers\FileHandler' driver.
INFO - 2023-04-27 04:56:06 --> Session: Class initialized using 'CodeIgniter\Session\Handlers\FileHandler' driver.
INFO - 2023-04-27 04:56:39 --> Session: Class initialized using 'CodeIgniter\Session\Handlers\FileHandler' driver.
INFO - 2023-04-27 04:56:58 --> Session: Class initialized using 'CodeIgniter\Session\Handlers\FileHandler' driver.
INFO - 2023-04-27 04:57:47 --> Session: Class initialized using 'CodeIgniter\Session\Handlers\FileHandler' driver.
INFO - 2023-04-27 16:11:00 --> Session: Class initialized using 'CodeIgniter\Session\Handlers\FileHandler' driver.
INFO - 2023-04-27 16:11:11 --> Session: Class initialized using 'CodeIgniter\Session\Handlers\FileHandler' driver.
INFO - 2023-04-27 16:11:11 --> Session: Class initialized using 'CodeIgniter\Session\Handlers\FileHandler' driver.
INFO - 2023-04-27 16:11:15 --> Session: Class initialized using 'CodeIgniter\Session\Handlers\FileHandler' driver.
INFO - 2023-04-27 16:12:06 --> Session: Class initialized using 'CodeIgniter\Session\Handlers\FileHandler' driver.
INFO - 2023-04-27 16:14:36 --> Session: Class initialized using 'CodeIgniter\Session\Handlers\FileHandler' driver.
INFO - 2023-04-27 16:17:00 --> Session: Class initialized using 'CodeIgniter\Session\Handlers\FileHandler' driver.
CRITICAL - 2023-04-27 16:17:00 --> Undefined array key "id"
in APPPATH\Views\user\kerjasama.php on line 37.
 1 APPPATH\Views\user\kerjasama.php(37): CodeIgniter\Debug\Exceptions->errorHandler(2, 'Undefined array key "id"', 'C:\\xampp\\htdocs\\project_web\\app\\Views\\user\\kerjasama.php', 37)
 2 SYSTEMPATH\View\View.php(213): include('C:\\xampp\\htdocs\\project_web\\app\\Views\\user\\kerjasama.php')
 3 SYSTEMPATH\View\View.php(216): CodeIgniter\View\View->CodeIgniter\View\{closure}()
 4 SYSTEMPATH\Common.php(1184): CodeIgniter\View\View->render('user/kerjasama', [], true)
 5 APPPATH\Controllers\Kerjasama.php(19): view('user/kerjasama', [...])
 6 SYSTEMPATH\CodeIgniter.php(934): App\Controllers\Kerjasama->index()
 7 SYSTEMPATH\CodeIgniter.php(499): CodeIgniter\CodeIgniter->runController(Object(App\Controllers\Kerjasama))
 8 SYSTEMPATH\CodeIgniter.php(368): CodeIgniter\CodeIgniter->handleRequest(null, Object(Config\Cache), false)
 9 FCPATH\index.php(67): CodeIgniter\CodeIgniter->run()
10 SYSTEMPATH\Commands\Server\rewrite.php(47): require_once('C:\\xampp\\htdocs\\project_web\\public\\index.php')
INFO - 2023-04-27 16:17:14 --> Session: Class initialized using 'CodeIgniter\Session\Handlers\FileHandler' driver.
CRITICAL - 2023-04-27 16:17:15 --> Undefined variable $news
in APPPATH\Views\user\kerjasama.php on line 40.
 1 APPPATH\Views\user\kerjasama.php(40): CodeIgniter\Debug\Exceptions->errorHandler(2, 'Undefined variable $news', 'C:\\xampp\\htdocs\\project_web\\app\\Views\\user\\kerjasama.php', 40)
 2 SYSTEMPATH\View\View.php(213): include('C:\\xampp\\htdocs\\project_web\\app\\Views\\user\\kerjasama.php')
 3 SYSTEMPATH\View\View.php(216): CodeIgniter\View\View->CodeIgniter\View\{closure}()
 4 SYSTEMPATH\Common.php(1184): CodeIgniter\View\View->render('user/kerjasama', [], true)
 5 APPPATH\Controllers\Kerjasama.php(19): view('user/kerjasama', [...])
 6 SYSTEMPATH\CodeIgniter.php(934): App\Controllers\Kerjasama->index()
 7 SYSTEMPATH\CodeIgniter.php(499): CodeIgniter\CodeIgniter->runController(Object(App\Controllers\Kerjasama))
 8 SYSTEMPATH\CodeIgniter.php(368): CodeIgniter\CodeIgniter->handleRequest(null, Object(Config\Cache), false)
 9 FCPATH\index.php(67): CodeIgniter\CodeIgniter->run()
10 SYSTEMPATH\Commands\Server\rewrite.php(47): require_once('C:\\xampp\\htdocs\\project_web\\public\\index.php')
INFO - 2023-04-27 16:17:27 --> Session: Class initialized using 'CodeIgniter\Session\Handlers\FileHandler' driver.
CRITICAL - 2023-04-27 16:17:27 --> Undefined variable $news
in APPPATH\Views\user\kerjasama.php on line 40.
 1 APPPATH\Views\user\kerjasama.php(40): CodeIgniter\Debug\Exceptions->errorHandler(2, 'Undefined variable $news', 'C:\\xampp\\htdocs\\project_web\\app\\Views\\user\\kerjasama.php', 40)
 2 SYSTEMPATH\View\View.php(213): include('C:\\xampp\\htdocs\\project_web\\app\\Views\\user\\kerjasama.php')
 3 SYSTEMPATH\View\View.php(216): CodeIgniter\View\View->CodeIgniter\View\{closure}()
 4 SYSTEMPATH\Common.php(1184): CodeIgniter\View\View->render('user/kerjasama', [], true)
 5 APPPATH\Controllers\Kerjasama.php(19): view('user/kerjasama', [...])
 6 SYSTEMPATH\CodeIgniter.php(934): App\Controllers\Kerjasama->index()
 7 SYSTEMPATH\CodeIgniter.php(499): CodeIgniter\CodeIgniter->runController(Object(App\Controllers\Kerjasama))
 8 SYSTEMPATH\CodeIgniter.php(368): CodeIgniter\CodeIgniter->handleRequest(null, Object(Config\Cache), false)
 9 FCPATH\index.php(67): CodeIgniter\CodeIgniter->run()
10 SYSTEMPATH\Commands\Server\rewrite.php(47): require_once('C:\\xampp\\htdocs\\project_web\\public\\index.php')
INFO - 2023-04-27 16:17:41 --> Session: Class initialized using 'CodeIgniter\Session\Handlers\FileHandler' driver.
INFO - 2023-04-27 16:18:50 --> Session: Class initialized using 'CodeIgniter\Session\Handlers\FileHandler' driver.
INFO - 2023-04-27 16:19:57 --> Session: Class initialized using 'CodeIgniter\Session\Handlers\FileHandler' driver.
INFO - 2023-04-27 16:20:35 --> Session: Class initialized using 'CodeIgniter\Session\Handlers\FileHandler' driver.
INFO - 2023-04-27 16:26:24 --> Session: Class initialized using 'CodeIgniter\Session\Handlers\FileHandler' driver.
CRITICAL - 2023-04-27 16:26:24 --> Undefined array key "unilt_p_ks"
in APPPATH\Views\user\kerjasama.php on line 43.
 1 APPPATH\Views\user\kerjasama.php(43): CodeIgniter\Debug\Exceptions->errorHandler(2, 'Undefined array key "unilt_p_ks"', 'C:\\xampp\\htdocs\\project_web\\app\\Views\\user\\kerjasama.php', 43)
 2 SYSTEMPATH\View\View.php(213): include('C:\\xampp\\htdocs\\project_web\\app\\Views\\user\\kerjasama.php')
 3 SYSTEMPATH\View\View.php(216): CodeIgniter\View\View->CodeIgniter\View\{closure}()
 4 SYSTEMPATH\Common.php(1184): CodeIgniter\View\View->render('user/kerjasama', [], true)
 5 APPPATH\Controllers\Kerjasama.php(19): view('user/kerjasama', [...])
 6 SYSTEMPATH\CodeIgniter.php(934): App\Controllers\Kerjasama->index()
 7 SYSTEMPATH\CodeIgniter.php(499): CodeIgniter\CodeIgniter->runController(Object(App\Controllers\Kerjasama))
 8 SYSTEMPATH\CodeIgniter.php(368): CodeIgniter\CodeIgniter->handleRequest(null, Object(Config\Cache), false)
 9 FCPATH\index.php(67): CodeIgniter\CodeIgniter->run()
10 SYSTEMPATH\Commands\Server\rewrite.php(47): require_once('C:\\xampp\\htdocs\\project_web\\public\\index.php')
INFO - 2023-04-27 16:26:33 --> Session: Class initialized using 'CodeIgniter\Session\Handlers\FileHandler' driver.
INFO - 2023-04-27 16:27:43 --> Session: Class initialized using 'CodeIgniter\Session\Handlers\FileHandler' driver.
INFO - 2023-04-27 16:28:11 --> Session: Class initialized using 'CodeIgniter\Session\Handlers\FileHandler' driver.
INFO - 2023-04-27 16:30:56 --> Session: Class initialized using 'CodeIgniter\Session\Handlers\FileHandler' driver.
INFO - 2023-04-27 16:31:00 --> Session: Class initialized using 'CodeIgniter\Session\Handlers\FileHandler' driver.
INFO - 2023-04-27 16:31:03 --> Session: Class initialized using 'CodeIgniter\Session\Handlers\FileHandler' driver.
INFO - 2023-04-27 16:31:24 --> Session: Class initialized using 'CodeIgniter\Session\Handlers\FileHandler' driver.
INFO - 2023-04-27 16:33:14 --> Session: Class initialized using 'CodeIgniter\Session\Handlers\FileHandler' driver.
INFO - 2023-04-27 16:34:23 --> Session: Class initialized using 'CodeIgniter\Session\Handlers\FileHandler' driver.
INFO - 2023-04-27 16:34:38 --> Session: Class initialized using 'CodeIgniter\Session\Handlers\FileHandler' driver.
INFO - 2023-04-27 16:38:21 --> Session: Class initialized using 'CodeIgniter\Session\Handlers\FileHandler' driver.
INFO - 2023-04-27 16:38:21 --> Session: Class initialized using 'CodeIgniter\Session\Handlers\FileHandler' driver.
INFO - 2023-04-27 16:38:39 --> Session: Class initialized using 'CodeIgniter\Session\Handlers\FileHandler' driver.
INFO - 2023-04-27 16:38:40 --> Session: Class initialized using 'CodeIgniter\Session\Handlers\FileHandler' driver.
INFO - 2023-04-27 16:38:44 --> Session: Class initialized using 'CodeIgniter\Session\Handlers\FileHandler' driver.
INFO - 2023-04-27 16:39:27 --> Session: Class initialized using 'CodeIgniter\Session\Handlers\FileHandler' driver.
INFO - 2023-04-27 16:39:27 --> Session: Class initialized using 'CodeIgniter\Session\Handlers\FileHandler' driver.
INFO - 2023-04-27 16:39:53 --> Session: Class initialized using 'CodeIgniter\Session\Handlers\FileHandler' driver.
INFO - 2023-04-27 16:39:53 --> Session: Class initialized using 'CodeIgniter\Session\Handlers\FileHandler' driver.
INFO - 2023-04-27 16:40:02 --> Session: Class initialized using 'CodeIgniter\Session\Handlers\FileHandler' driver.
INFO - 2023-04-27 16:41:33 --> Session: Class initialized using 'CodeIgniter\Session\Handlers\FileHandler' driver.
INFO - 2023-04-27 16:42:38 --> Session: Class initialized using 'CodeIgniter\Session\Handlers\FileHandler' driver.
INFO - 2023-04-27 16:42:39 --> Session: Class initialized using 'CodeIgniter\Session\Handlers\FileHandler' driver.
INFO - 2023-04-27 16:42:46 --> Session: Class initialized using 'CodeIgniter\Session\Handlers\FileHandler' driver.
INFO - 2023-04-27 16:42:46 --> Session: Class initialized using 'CodeIgniter\Session\Handlers\FileHandler' driver.
INFO - 2023-04-27 16:43:18 --> Session: Class initialized using 'CodeIgniter\Session\Handlers\FileHandler' driver.
INFO - 2023-04-27 16:43:28 --> Session: Class initialized using 'CodeIgniter\Session\Handlers\FileHandler' driver.
INFO - 2023-04-27 16:43:28 --> Session: Class initialized using 'CodeIgniter\Session\Handlers\FileHandler' driver.
INFO - 2023-04-27 16:44:47 --> Session: Class initialized using 'CodeIgniter\Session\Handlers\FileHandler' driver.
INFO - 2023-04-27 16:44:47 --> Session: Class initialized using 'CodeIgniter\Session\Handlers\FileHandler' driver.
INFO - 2023-04-27 16:44:50 --> Session: Class initialized using 'CodeIgniter\Session\Handlers\FileHandler' driver.
INFO - 2023-04-27 16:44:53 --> Session: Class initialized using 'CodeIgniter\Session\Handlers\FileHandler' driver.
INFO - 2023-04-27 16:44:53 --> Session: Class initialized using 'CodeIgniter\Session\Handlers\FileHandler' driver.
INFO - 2023-04-27 16:47:00 --> Session: Class initialized using 'CodeIgniter\Session\Handlers\FileHandler' driver.
INFO - 2023-04-27 16:47:10 --> Session: Class initialized using 'CodeIgniter\Session\Handlers\FileHandler' driver.
INFO - 2023-04-27 16:47:10 --> Session: Class initialized using 'CodeIgniter\Session\Handlers\FileHandler' driver.
INFO - 2023-04-27 16:47:31 --> Session: Class initialized using 'CodeIgniter\Session\Handlers\FileHandler' driver.
INFO - 2023-04-27 16:48:25 --> Session: Class initialized using 'CodeIgniter\Session\Handlers\FileHandler' driver.
INFO - 2023-04-27 16:48:31 --> Session: Class initialized using 'CodeIgniter\Session\Handlers\FileHandler' driver.
INFO - 2023-04-27 16:48:33 --> Session: Class initialized using 'CodeIgniter\Session\Handlers\FileHandler' driver.
INFO - 2023-04-27 16:48:51 --> Session: Class initialized using 'CodeIgniter\Session\Handlers\FileHandler' driver.
INFO - 2023-04-27 16:48:54 --> Session: Class initialized using 'CodeIgniter\Session\Handlers\FileHandler' driver.
INFO - 2023-04-27 16:49:06 --> Session: Class initialized using 'CodeIgniter\Session\Handlers\FileHandler' driver.
INFO - 2023-04-27 16:49:06 --> Session: Class initialized using 'CodeIgniter\Session\Handlers\FileHandler' driver.
INFO - 2023-04-27 16:49:15 --> Session: Class initialized using 'CodeIgniter\Session\Handlers\FileHandler' driver.
INFO - 2023-04-27 16:55:40 --> Session: Class initialized using 'CodeIgniter\Session\Handlers\FileHandler' driver.
INFO - 2023-04-27 16:56:06 --> Session: Class initialized using 'CodeIgniter\Session\Handlers\FileHandler' driver.
INFO - 2023-04-27 16:56:18 --> Session: Class initialized using 'CodeIgniter\Session\Handlers\FileHandler' driver.
INFO - 2023-04-27 16:56:39 --> Session: Class initialized using 'CodeIgniter\Session\Handlers\FileHandler' driver.
INFO - 2023-04-27 16:57:07 --> Session: Class initialized using 'CodeIgniter\Session\Handlers\FileHandler' driver.
INFO - 2023-04-27 16:57:23 --> Session: Class initialized using 'CodeIgniter\Session\Handlers\FileHandler' driver.
INFO - 2023-04-27 16:57:37 --> Session: Class initialized using 'CodeIgniter\Session\Handlers\FileHandler' driver.
INFO - 2023-04-27 16:57:52 --> Session: Class initialized using 'CodeIgniter\Session\Handlers\FileHandler' driver.
INFO - 2023-04-27 16:58:20 --> Session: Class initialized using 'CodeIgniter\Session\Handlers\FileHandler' driver.
INFO - 2023-04-27 16:58:32 --> Session: Class initialized using 'CodeIgniter\Session\Handlers\FileHandler' driver.
INFO - 2023-04-27 16:58:50 --> Session: Class initialized using 'CodeIgniter\Session\Handlers\FileHandler' driver.
INFO - 2023-04-27 16:59:13 --> Session: Class initialized using 'CodeIgniter\Session\Handlers\FileHandler' driver.
INFO - 2023-04-27 16:59:24 --> Session: Class initialized using 'CodeIgniter\Session\Handlers\FileHandler' driver.
INFO - 2023-04-27 16:59:45 --> Session: Class initialized using 'CodeIgniter\Session\Handlers\FileHandler' driver.
INFO - 2023-04-27 17:00:08 --> Session: Class initialized using 'CodeIgniter\Session\Handlers\FileHandler' driver.
INFO - 2023-04-27 17:01:02 --> Session: Class initialized using 'CodeIgniter\Session\Handlers\FileHandler' driver.
INFO - 2023-04-27 17:01:42 --> Session: Class initialized using 'CodeIgniter\Session\Handlers\FileHandler' driver.
INFO - 2023-04-27 17:01:52 --> Session: Class initialized using 'CodeIgniter\Session\Handlers\FileHandler' driver.
INFO - 2023-04-27 17:02:32 --> Session: Class initialized using 'CodeIgniter\Session\Handlers\FileHandler' driver.
INFO - 2023-04-27 17:03:11 --> Session: Class initialized using 'CodeIgniter\Session\Handlers\FileHandler' driver.
INFO - 2023-04-27 17:03:23 --> Session: Class initialized using 'CodeIgniter\Session\Handlers\FileHandler' driver.
INFO - 2023-04-27 17:03:30 --> Session: Class initialized using 'CodeIgniter\Session\Handlers\FileHandler' driver.
INFO - 2023-04-27 17:03:44 --> Session: Class initialized using 'CodeIgniter\Session\Handlers\FileHandler' driver.
INFO - 2023-04-27 17:04:24 --> Session: Class initialized using 'CodeIgniter\Session\Handlers\FileHandler' driver.
INFO - 2023-04-27 17:04:36 --> Session: Class initialized using 'CodeIgniter\Session\Handlers\FileHandler' driver.
INFO - 2023-04-27 17:04:57 --> Session: Class initialized using 'CodeIgniter\Session\Handlers\FileHandler' driver.
INFO - 2023-04-27 17:05:06 --> Session: Class initialized using 'CodeIgniter\Session\Handlers\FileHandler' driver.
INFO - 2023-04-27 17:05:13 --> Session: Class initialized using 'CodeIgniter\Session\Handlers\FileHandler' driver.
INFO - 2023-04-27 17:05:21 --> Session: Class initialized using 'CodeIgniter\Session\Handlers\FileHandler' driver.
INFO - 2023-04-27 17:05:33 --> Session: Class initialized using 'CodeIgniter\Session\Handlers\FileHandler' driver.
INFO - 2023-04-27 17:05:54 --> Session: Class initialized using 'CodeIgniter\Session\Handlers\FileHandler' driver.
INFO - 2023-04-27 17:06:04 --> Session: Class initialized using 'CodeIgniter\Session\Handlers\FileHandler' driver.
INFO - 2023-04-27 17:06:14 --> Session: Class initialized using 'CodeIgniter\Session\Handlers\FileHandler' driver.
INFO - 2023-04-27 17:07:09 --> Session: Class initialized using 'CodeIgniter\Session\Handlers\FileHandler' driver.
INFO - 2023-04-27 17:07:22 --> Session: Class initialized using 'CodeIgniter\Session\Handlers\FileHandler' driver.
INFO - 2023-04-27 17:07:49 --> Session: Class initialized using 'CodeIgniter\Session\Handlers\FileHandler' driver.
CRITICAL - 2023-04-27 17:08:01 --> Call to a member function getName() on null
in APPPATH\Controllers\Usulan.php on line 24.
 1 SYSTEMPATH\CodeIgniter.php(934): App\Controllers\Usulan->add()
 2 SYSTEMPATH\CodeIgniter.php(499): CodeIgniter\CodeIgniter->runController(Object(App\Controllers\Usulan))
 3 SYSTEMPATH\CodeIgniter.php(368): CodeIgniter\CodeIgniter->handleRequest(null, Object(Config\Cache), false)
 4 FCPATH\index.php(67): CodeIgniter\CodeIgniter->run()
 5 SYSTEMPATH\Commands\Server\rewrite.php(47): require_once('C:\\xampp\\htdocs\\project_web\\public\\index.php')
INFO - 2023-04-27 17:08:04 --> Session: Class initialized using 'CodeIgniter\Session\Handlers\FileHandler' driver.
INFO - 2023-04-27 17:08:11 --> Session: Class initialized using 'CodeIgniter\Session\Handlers\FileHandler' driver.
INFO - 2023-04-27 17:23:21 --> Session: Class initialized using 'CodeIgniter\Session\Handlers\FileHandler' driver.
INFO - 2023-04-27 17:23:31 --> Session: Class initialized using 'CodeIgniter\Session\Handlers\FileHandler' driver.
