INFO - 2023-06-15 06:52:59 --> Session: Class initialized using 'CodeIgniter\Session\Handlers\FileHandler' driver.
INFO - 2023-06-15 06:52:59 --> Session: Class initialized using 'CodeIgniter\Session\Handlers\FileHandler' driver.
INFO - 2023-06-15 06:53:04 --> Session: Class initialized using 'CodeIgniter\Session\Handlers\FileHandler' driver.
INFO - 2023-06-15 06:54:17 --> Session: Class initialized using 'CodeIgniter\Session\Handlers\FileHandler' driver.
INFO - 2023-06-15 06:54:28 --> Session: Class initialized using 'CodeIgniter\Session\Handlers\FileHandler' driver.
INFO - 2023-06-15 06:54:32 --> Session: Class initialized using 'CodeIgniter\Session\Handlers\FileHandler' driver.
INFO - 2023-06-15 07:25:24 --> Session: Class initialized using 'CodeIgniter\Session\Handlers\FileHandler' driver.
INFO - 2023-06-15 07:26:15 --> Session: Class initialized using 'CodeIgniter\Session\Handlers\FileHandler' driver.
INFO - 2023-06-15 07:26:46 --> Session: Class initialized using 'CodeIgniter\Session\Handlers\FileHandler' driver.
CRITICAL - 2023-06-15 07:26:48 --> Undefined array key "id"
in APPPATH/Controllers/ForgotPassword.php on line 28.
 1 APPPATH/Controllers/ForgotPassword.php(28): CodeIgniter\Debug\Exceptions->errorHandler(2, 'Undefined array key "id"', '/root/project/project_web/app/Controllers/ForgotPassword.php', 28)
 2 SYSTEMPATH/CodeIgniter.php(934): App\Controllers\ForgotPassword->forgotPassword()
 3 SYSTEMPATH/CodeIgniter.php(499): CodeIgniter\CodeIgniter->runController(Object(App\Controllers\ForgotPassword))
 4 SYSTEMPATH/CodeIgniter.php(368): CodeIgniter\CodeIgniter->handleRequest(null, Object(Config\Cache), false)
 5 FCPATH/index.php(67): CodeIgniter\CodeIgniter->run()
 6 SYSTEMPATH/Commands/Server/rewrite.php(47): require_once('/root/project/project_web/public/index.php')
INFO - 2023-06-15 07:27:06 --> Session: Class initialized using 'CodeIgniter\Session\Handlers\FileHandler' driver.
ERROR - 2023-06-15 07:27:17 --> Email: sendWithSmtp throwed ErrorException: fsockopen(): php_network_getaddresses: getaddrinfo for mail.fckng.site failed: Temporary failure in name resolution in /root/project/project_web/system/Email/Email.php:1863
Stack trace:
#0 [internal function]: CodeIgniter\Debug\Exceptions->errorHandler(2, 'fsockopen(): ph...', '/root/project/p...', 1863)
#1 /root/project/project_web/system/Email/Email.php(1863): fsockopen('tls://mail.fckn...', 465, NULL, NULL, 5)
#2 /root/project/project_web/system/Email/Email.php(1782): CodeIgniter\Email\Email->SMTPConnect()
#3 /root/project/project_web/system/Email/Email.php(1667): CodeIgniter\Email\Email->sendWithSmtp()
#4 /root/project/project_web/system/Email/Email.php(1565): CodeIgniter\Email\Email->spoolEmail()
#5 /root/project/project_web/app/Controllers/ForgotPassword.php(93): CodeIgniter\Email\Email->send()
#6 /root/project/project_web/app/Controllers/ForgotPassword.php(35): App\Controllers\ForgotPassword->sendEmail('mdzaky07@gmail....', 'Reset Password', 'Klik link berik...')
#7 /root/project/project_web/system/CodeIgniter.php(934): App\Controllers\ForgotPassword->forgotPassword()
#8 /root/project/project_web/system/CodeIgniter.php(499): CodeIgniter\CodeIgniter->runController(Object(App\Controllers\ForgotPassword))
#9 /root/project/project_web/system/CodeIgniter.php(368): CodeIgniter\CodeIgniter->handleRequest(NULL, Object(Config\Cache), false)
#10 /root/project/project_web/public/index.php(67): CodeIgniter\CodeIgniter->run()
#11 /root/project/project_web/system/Commands/Server/rewrite.php(47): require_once('/root/project/p...')
#12 {main}
ERROR - 2023-06-15 07:27:17 --> Email: Unable to send email using SMTP. Your server might not be configured to send mail using this method.
ERROR - 2023-06-15 07:27:17 --> 
INFO - 2023-06-15 07:27:17 --> Session: Class initialized using 'CodeIgniter\Session\Handlers\FileHandler' driver.
INFO - 2023-06-15 07:27:17 --> Session: Class initialized using 'CodeIgniter\Session\Handlers\FileHandler' driver.
INFO - 2023-06-15 07:31:44 --> Session: Class initialized using 'CodeIgniter\Session\Handlers\FileHandler' driver.
INFO - 2023-06-15 07:31:44 --> Session: Class initialized using 'CodeIgniter\Session\Handlers\FileHandler' driver.
INFO - 2023-06-15 07:32:08 --> Session: Class initialized using 'CodeIgniter\Session\Handlers\FileHandler' driver.
INFO - 2023-06-15 07:32:08 --> Session: Class initialized using 'CodeIgniter\Session\Handlers\FileHandler' driver.
INFO - 2023-06-15 07:37:45 --> Session: Class initialized using 'CodeIgniter\Session\Handlers\FileHandler' driver.
INFO - 2023-06-15 07:38:42 --> Session: Class initialized using 'CodeIgniter\Session\Handlers\FileHandler' driver.
CRITICAL - 2023-06-15 07:38:49 --> Undefined array key "id_users"
in APPPATH/Controllers/ForgotPassword.php on line 69.
 1 APPPATH/Controllers/ForgotPassword.php(69): CodeIgniter\Debug\Exceptions->errorHandler(2, 'Undefined array key "id_users"', '/root/project/project_web/app/Controllers/ForgotPassword.php', 69)
 2 SYSTEMPATH/CodeIgniter.php(934): App\Controllers\ForgotPassword->updatePassword()
 3 SYSTEMPATH/CodeIgniter.php(499): CodeIgniter\CodeIgniter->runController(Object(App\Controllers\ForgotPassword))
 4 SYSTEMPATH/CodeIgniter.php(368): CodeIgniter\CodeIgniter->handleRequest(null, Object(Config\Cache), false)
 5 FCPATH/index.php(67): CodeIgniter\CodeIgniter->run()
 6 SYSTEMPATH/Commands/Server/rewrite.php(47): require_once('/root/project/project_web/public/index.php')
INFO - 2023-06-15 07:39:08 --> Session: Class initialized using 'CodeIgniter\Session\Handlers\FileHandler' driver.
INFO - 2023-06-15 07:39:18 --> Session: Class initialized using 'CodeIgniter\Session\Handlers\FileHandler' driver.
INFO - 2023-06-15 07:39:18 --> Session: Class initialized using 'CodeIgniter\Session\Handlers\FileHandler' driver.
INFO - 2023-06-15 07:39:27 --> Session: Class initialized using 'CodeIgniter\Session\Handlers\FileHandler' driver.
INFO - 2023-06-15 07:39:27 --> Session: Class initialized using 'CodeIgniter\Session\Handlers\FileHandler' driver.
INFO - 2023-06-15 07:40:06 --> Session: Class initialized using 'CodeIgniter\Session\Handlers\FileHandler' driver.
INFO - 2023-06-15 07:40:09 --> Session: Class initialized using 'CodeIgniter\Session\Handlers\FileHandler' driver.
INFO - 2023-06-15 07:40:36 --> Session: Class initialized using 'CodeIgniter\Session\Handlers\FileHandler' driver.
INFO - 2023-06-15 07:40:36 --> Session: Class initialized using 'CodeIgniter\Session\Handlers\FileHandler' driver.
INFO - 2023-06-15 07:41:20 --> Session: Class initialized using 'CodeIgniter\Session\Handlers\FileHandler' driver.
INFO - 2023-06-15 07:41:21 --> Session: Class initialized using 'CodeIgniter\Session\Handlers\FileHandler' driver.
INFO - 2023-06-15 07:41:40 --> Session: Class initialized using 'CodeIgniter\Session\Handlers\FileHandler' driver.
INFO - 2023-06-15 07:41:59 --> Session: Class initialized using 'CodeIgniter\Session\Handlers\FileHandler' driver.
INFO - 2023-06-15 07:42:00 --> Session: Class initialized using 'CodeIgniter\Session\Handlers\FileHandler' driver.
INFO - 2023-06-15 07:45:56 --> Session: Class initialized using 'CodeIgniter\Session\Handlers\FileHandler' driver.
INFO - 2023-06-15 07:45:56 --> Session: Class initialized using 'CodeIgniter\Session\Handlers\FileHandler' driver.
INFO - 2023-06-15 07:46:12 --> Session: Class initialized using 'CodeIgniter\Session\Handlers\FileHandler' driver.
INFO - 2023-06-15 07:46:17 --> Session: Class initialized using 'CodeIgniter\Session\Handlers\FileHandler' driver.
INFO - 2023-06-15 07:46:17 --> Session: Class initialized using 'CodeIgniter\Session\Handlers\FileHandler' driver.
INFO - 2023-06-15 07:46:25 --> Session: Class initialized using 'CodeIgniter\Session\Handlers\FileHandler' driver.
INFO - 2023-06-15 07:46:25 --> Session: Class initialized using 'CodeIgniter\Session\Handlers\FileHandler' driver.
INFO - 2023-06-15 07:51:33 --> Session: Class initialized using 'CodeIgniter\Session\Handlers\FileHandler' driver.
INFO - 2023-06-15 07:51:38 --> Session: Class initialized using 'CodeIgniter\Session\Handlers\FileHandler' driver.
INFO - 2023-06-15 07:51:38 --> Session: Class initialized using 'CodeIgniter\Session\Handlers\FileHandler' driver.
INFO - 2023-06-15 07:57:33 --> Session: Class initialized using 'CodeIgniter\Session\Handlers\FileHandler' driver.
INFO - 2023-06-15 07:57:33 --> Session: Class initialized using 'CodeIgniter\Session\Handlers\FileHandler' driver.
INFO - 2023-06-15 07:57:38 --> Session: Class initialized using 'CodeIgniter\Session\Handlers\FileHandler' driver.
INFO - 2023-06-15 07:57:39 --> Session: Class initialized using 'CodeIgniter\Session\Handlers\FileHandler' driver.
INFO - 2023-06-15 07:57:41 --> Session: Class initialized using 'CodeIgniter\Session\Handlers\FileHandler' driver.
INFO - 2023-06-15 07:58:07 --> Session: Class initialized using 'CodeIgniter\Session\Handlers\FileHandler' driver.
ERROR - 2023-06-15 07:58:17 --> Email: sendWithSmtp throwed ErrorException: fsockopen(): php_network_getaddresses: getaddrinfo for mail.fckng.site failed: Temporary failure in name resolution in /root/project/project_web/system/Email/Email.php:1863
Stack trace:
#0 [internal function]: CodeIgniter\Debug\Exceptions->errorHandler(2, 'fsockopen(): ph...', '/root/project/p...', 1863)
#1 /root/project/project_web/system/Email/Email.php(1863): fsockopen('tls://mail.fckn...', 465, NULL, NULL, 5)
#2 /root/project/project_web/system/Email/Email.php(1782): CodeIgniter\Email\Email->SMTPConnect()
#3 /root/project/project_web/system/Email/Email.php(1667): CodeIgniter\Email\Email->sendWithSmtp()
#4 /root/project/project_web/system/Email/Email.php(1565): CodeIgniter\Email\Email->spoolEmail()
#5 /root/project/project_web/app/Controllers/Ajukan.php(136): CodeIgniter\Email\Email->send()
#6 /root/project/project_web/system/CodeIgniter.php(934): App\Controllers\Ajukan->add()
#7 /root/project/project_web/system/CodeIgniter.php(499): CodeIgniter\CodeIgniter->runController(Object(App\Controllers\Ajukan))
#8 /root/project/project_web/system/CodeIgniter.php(368): CodeIgniter\CodeIgniter->handleRequest(NULL, Object(Config\Cache), false)
#9 /root/project/project_web/public/index.php(67): CodeIgniter\CodeIgniter->run()
#10 /root/project/project_web/system/Commands/Server/rewrite.php(47): require_once('/root/project/p...')
#11 {main}
ERROR - 2023-06-15 07:58:17 --> Email: Unable to send email using SMTP. Your server might not be configured to send mail using this method.
ERROR - 2023-06-15 07:58:17 --> 
INFO - 2023-06-15 07:58:17 --> Session: Class initialized using 'CodeIgniter\Session\Handlers\FileHandler' driver.
INFO - 2023-06-15 07:59:48 --> Session: Class initialized using 'CodeIgniter\Session\Handlers\FileHandler' driver.
INFO - 2023-06-15 08:00:06 --> Session: Class initialized using 'CodeIgniter\Session\Handlers\FileHandler' driver.
ERROR - 2023-06-15 08:00:16 --> Email: sendWithSmtp throwed ErrorException: fsockopen(): php_network_getaddresses: getaddrinfo for mail.fckng.site failed: Temporary failure in name resolution in /root/project/project_web/system/Email/Email.php:1863
Stack trace:
#0 [internal function]: CodeIgniter\Debug\Exceptions->errorHandler(2, 'fsockopen(): ph...', '/root/project/p...', 1863)
#1 /root/project/project_web/system/Email/Email.php(1863): fsockopen('tls://mail.fckn...', 465, NULL, NULL, 5)
#2 /root/project/project_web/system/Email/Email.php(1782): CodeIgniter\Email\Email->SMTPConnect()
#3 /root/project/project_web/system/Email/Email.php(1667): CodeIgniter\Email\Email->sendWithSmtp()
#4 /root/project/project_web/system/Email/Email.php(1565): CodeIgniter\Email\Email->spoolEmail()
#5 /root/project/project_web/app/Controllers/Ajukan.php(136): CodeIgniter\Email\Email->send()
#6 /root/project/project_web/system/CodeIgniter.php(934): App\Controllers\Ajukan->add()
#7 /root/project/project_web/system/CodeIgniter.php(499): CodeIgniter\CodeIgniter->runController(Object(App\Controllers\Ajukan))
#8 /root/project/project_web/system/CodeIgniter.php(368): CodeIgniter\CodeIgniter->handleRequest(NULL, Object(Config\Cache), false)
#9 /root/project/project_web/public/index.php(67): CodeIgniter\CodeIgniter->run()
#10 /root/project/project_web/system/Commands/Server/rewrite.php(47): require_once('/root/project/p...')
#11 {main}
ERROR - 2023-06-15 08:00:16 --> Email: Unable to send email using SMTP. Your server might not be configured to send mail using this method.
ERROR - 2023-06-15 08:00:16 --> 
INFO - 2023-06-15 08:00:16 --> Session: Class initialized using 'CodeIgniter\Session\Handlers\FileHandler' driver.
INFO - 2023-06-15 08:01:18 --> Session: Class initialized using 'CodeIgniter\Session\Handlers\FileHandler' driver.
INFO - 2023-06-15 08:01:44 --> Session: Class initialized using 'CodeIgniter\Session\Handlers\FileHandler' driver.
INFO - 2023-06-15 08:01:54 --> Session: Class initialized using 'CodeIgniter\Session\Handlers\FileHandler' driver.
INFO - 2023-06-15 08:40:08 --> Session: Class initialized using 'CodeIgniter\Session\Handlers\FileHandler' driver.
INFO - 2023-06-15 08:40:08 --> Session: Class initialized using 'CodeIgniter\Session\Handlers\FileHandler' driver.
INFO - 2023-06-15 08:40:12 --> Session: Class initialized using 'CodeIgniter\Session\Handlers\FileHandler' driver.
INFO - 2023-06-15 08:40:13 --> Session: Class initialized using 'CodeIgniter\Session\Handlers\FileHandler' driver.
INFO - 2023-06-15 08:40:15 --> Session: Class initialized using 'CodeIgniter\Session\Handlers\FileHandler' driver.
INFO - 2023-06-15 08:40:18 --> Session: Class initialized using 'CodeIgniter\Session\Handlers\FileHandler' driver.
INFO - 2023-06-15 08:40:21 --> Session: Class initialized using 'CodeIgniter\Session\Handlers\FileHandler' driver.
INFO - 2023-06-15 08:40:25 --> Session: Class initialized using 'CodeIgniter\Session\Handlers\FileHandler' driver.
INFO - 2023-06-15 08:40:29 --> Session: Class initialized using 'CodeIgniter\Session\Handlers\FileHandler' driver.
INFO - 2023-06-15 08:48:43 --> Session: Class initialized using 'CodeIgniter\Session\Handlers\FileHandler' driver.
INFO - 2023-06-15 08:48:46 --> Session: Class initialized using 'CodeIgniter\Session\Handlers\FileHandler' driver.
INFO - 2023-06-15 08:51:22 --> Session: Class initialized using 'CodeIgniter\Session\Handlers\FileHandler' driver.
INFO - 2023-06-15 08:51:22 --> Session: Class initialized using 'CodeIgniter\Session\Handlers\FileHandler' driver.
INFO - 2023-06-15 08:51:27 --> Session: Class initialized using 'CodeIgniter\Session\Handlers\FileHandler' driver.
INFO - 2023-06-15 08:51:27 --> Session: Class initialized using 'CodeIgniter\Session\Handlers\FileHandler' driver.
INFO - 2023-06-15 08:51:30 --> Session: Class initialized using 'CodeIgniter\Session\Handlers\FileHandler' driver.
INFO - 2023-06-15 08:55:54 --> Session: Class initialized using 'CodeIgniter\Session\Handlers\FileHandler' driver.
INFO - 2023-06-15 08:55:57 --> Session: Class initialized using 'CodeIgniter\Session\Handlers\FileHandler' driver.
INFO - 2023-06-15 08:57:24 --> Session: Class initialized using 'CodeIgniter\Session\Handlers\FileHandler' driver.
INFO - 2023-06-15 08:57:53 --> Session: Class initialized using 'CodeIgniter\Session\Handlers\FileHandler' driver.
INFO - 2023-06-15 08:57:58 --> Session: Class initialized using 'CodeIgniter\Session\Handlers\FileHandler' driver.
CRITICAL - 2023-06-15 08:59:05 --> Undefined variable $perihal_ks
in APPPATH/Views/email-ajukan.php on line 33.
 1 APPPATH/Views/email-ajukan.php(33): CodeIgniter\Debug\Exceptions->errorHandler(2, 'Undefined variable $perihal_ks', '/root/project/project_web/app/Views/email-ajukan.php', 33)
 2 SYSTEMPATH/View/View.php(213): include('/root/project/project_web/app/Views/email-ajukan.php')
 3 SYSTEMPATH/View/View.php(216): CodeIgniter\View\View->CodeIgniter\View\{closure}()
 4 SYSTEMPATH/Common.php(1184): CodeIgniter\View\View->render('email-ajukan', [], true)
 5 APPPATH/Config/Routes.php(96): view('email-ajukan')
 6 SYSTEMPATH/CodeIgniter.php(883): CodeIgniter\Router\RouteCollection->Config\{closure}()
 7 SYSTEMPATH/CodeIgniter.php(486): CodeIgniter\CodeIgniter->startController()
 8 SYSTEMPATH/CodeIgniter.php(368): CodeIgniter\CodeIgniter->handleRequest(null, Object(Config\Cache), false)
 9 FCPATH/index.php(67): CodeIgniter\CodeIgniter->run()
10 SYSTEMPATH/Commands/Server/rewrite.php(47): require_once('/root/project/project_web/public/index.php')
INFO - 2023-06-15 09:01:30 --> Session: Class initialized using 'CodeIgniter\Session\Handlers\FileHandler' driver.
INFO - 2023-06-15 09:01:55 --> Session: Class initialized using 'CodeIgniter\Session\Handlers\FileHandler' driver.
ERROR - 2023-06-15 09:02:05 --> Email: Unable to send email using SMTP. Your server might not be configured to send mail using this method.
ERROR - 2023-06-15 09:02:05 --> 
hello: 220-srv144.niagahoster.com ESMTP Exim 4.96 #2 Thu, 15 Jun 2023 16:02:05 +0700 
220-We do not authorize the use of this system to transport unsolicited, 
220 and/or bulk e-mail.

The following SMTP error was encountered: 220-srv144.niagahoster.com ESMTP Exim 4.96 #2 Thu, 15 Jun 2023 16:02:05 +0700 
220-We do not authorize the use of this system to transport unsolicited, 
220 and/or bulk e-mail.

INFO - 2023-06-15 09:02:06 --> Session: Class initialized using 'CodeIgniter\Session\Handlers\FileHandler' driver.
INFO - 2023-06-15 09:03:17 --> Session: Class initialized using 'CodeIgniter\Session\Handlers\FileHandler' driver.
INFO - 2023-06-15 09:03:52 --> Session: Class initialized using 'CodeIgniter\Session\Handlers\FileHandler' driver.
INFO - 2023-06-15 09:03:55 --> Session: Class initialized using 'CodeIgniter\Session\Handlers\FileHandler' driver.
INFO - 2023-06-15 09:05:24 --> Session: Class initialized using 'CodeIgniter\Session\Handlers\FileHandler' driver.
INFO - 2023-06-15 09:05:42 --> Session: Class initialized using 'CodeIgniter\Session\Handlers\FileHandler' driver.
ERROR - 2023-06-15 09:05:50 --> Email: Unable to send email using SMTP. Your server might not be configured to send mail using this method.
ERROR - 2023-06-15 09:05:50 --> 
hello: 220-srv144.niagahoster.com ESMTP Exim 4.96 #2 Thu, 15 Jun 2023 16:05:50 +0700 
220-We do not authorize the use of this system to transport unsolicited, 
220 and/or bulk e-mail.

The following SMTP error was encountered: 220-srv144.niagahoster.com ESMTP Exim 4.96 #2 Thu, 15 Jun 2023 16:05:50 +0700 
220-We do not authorize the use of this system to transport unsolicited, 
220 and/or bulk e-mail.

INFO - 2023-06-15 09:05:51 --> Session: Class initialized using 'CodeIgniter\Session\Handlers\FileHandler' driver.
INFO - 2023-06-15 09:06:40 --> Session: Class initialized using 'CodeIgniter\Session\Handlers\FileHandler' driver.
INFO - 2023-06-15 09:06:56 --> Session: Class initialized using 'CodeIgniter\Session\Handlers\FileHandler' driver.
ERROR - 2023-06-15 09:07:06 --> Email: sendWithSmtp throwed ErrorException: fsockopen(): php_network_getaddresses: getaddrinfo for mail.fckng.site failed: Temporary failure in name resolution in /root/project/project_web/system/Email/Email.php:1863
Stack trace:
#0 [internal function]: CodeIgniter\Debug\Exceptions->errorHandler(2, 'fsockopen(): ph...', '/root/project/p...', 1863)
#1 /root/project/project_web/system/Email/Email.php(1863): fsockopen('tls://mail.fckn...', 465, NULL, NULL, 5)
#2 /root/project/project_web/system/Email/Email.php(1782): CodeIgniter\Email\Email->SMTPConnect()
#3 /root/project/project_web/system/Email/Email.php(1667): CodeIgniter\Email\Email->sendWithSmtp()
#4 /root/project/project_web/system/Email/Email.php(1565): CodeIgniter\Email\Email->spoolEmail()
#5 /root/project/project_web/app/Controllers/Ajukan.php(137): CodeIgniter\Email\Email->send()
#6 /root/project/project_web/system/CodeIgniter.php(934): App\Controllers\Ajukan->add()
#7 /root/project/project_web/system/CodeIgniter.php(499): CodeIgniter\CodeIgniter->runController(Object(App\Controllers\Ajukan))
#8 /root/project/project_web/system/CodeIgniter.php(368): CodeIgniter\CodeIgniter->handleRequest(NULL, Object(Config\Cache), false)
#9 /root/project/project_web/public/index.php(67): CodeIgniter\CodeIgniter->run()
#10 /root/project/project_web/system/Commands/Server/rewrite.php(47): require_once('/root/project/p...')
#11 {main}
ERROR - 2023-06-15 09:07:06 --> Email: Unable to send email using SMTP. Your server might not be configured to send mail using this method.
ERROR - 2023-06-15 09:07:06 --> 
INFO - 2023-06-15 09:07:06 --> Session: Class initialized using 'CodeIgniter\Session\Handlers\FileHandler' driver.
INFO - 2023-06-15 09:07:20 --> Session: Class initialized using 'CodeIgniter\Session\Handlers\FileHandler' driver.
INFO - 2023-06-15 09:07:41 --> Session: Class initialized using 'CodeIgniter\Session\Handlers\FileHandler' driver.
INFO - 2023-06-15 09:07:57 --> Session: Class initialized using 'CodeIgniter\Session\Handlers\FileHandler' driver.
INFO - 2023-06-15 09:16:57 --> Session: Class initialized using 'CodeIgniter\Session\Handlers\FileHandler' driver.
INFO - 2023-06-15 09:17:14 --> Session: Class initialized using 'CodeIgniter\Session\Handlers\FileHandler' driver.
INFO - 2023-06-15 09:17:21 --> Session: Class initialized using 'CodeIgniter\Session\Handlers\FileHandler' driver.
CRITICAL - 2023-06-15 09:18:09 --> Undefined variable $perihal_ks
in APPPATH/Views/email-ajukan.php on line 80.
 1 APPPATH/Views/email-ajukan.php(80): CodeIgniter\Debug\Exceptions->errorHandler(2, 'Undefined variable $perihal_ks', '/root/project/project_web/app/Views/email-ajukan.php', 80)
 2 SYSTEMPATH/View/View.php(213): include('/root/project/project_web/app/Views/email-ajukan.php')
 3 SYSTEMPATH/View/View.php(216): CodeIgniter\View\View->CodeIgniter\View\{closure}()
 4 SYSTEMPATH/Common.php(1184): CodeIgniter\View\View->render('email-ajukan', [], true)
 5 APPPATH/Config/Routes.php(96): view('email-ajukan')
 6 SYSTEMPATH/CodeIgniter.php(883): CodeIgniter\Router\RouteCollection->Config\{closure}()
 7 SYSTEMPATH/CodeIgniter.php(486): CodeIgniter\CodeIgniter->startController()
 8 SYSTEMPATH/CodeIgniter.php(368): CodeIgniter\CodeIgniter->handleRequest(null, Object(Config\Cache), false)
 9 FCPATH/index.php(67): CodeIgniter\CodeIgniter->run()
10 SYSTEMPATH/Commands/Server/rewrite.php(47): require_once('/root/project/project_web/public/index.php')
INFO - 2023-06-15 09:19:56 --> Session: Class initialized using 'CodeIgniter\Session\Handlers\FileHandler' driver.
INFO - 2023-06-15 09:20:14 --> Session: Class initialized using 'CodeIgniter\Session\Handlers\FileHandler' driver.
INFO - 2023-06-15 09:20:21 --> Session: Class initialized using 'CodeIgniter\Session\Handlers\FileHandler' driver.
INFO - 2023-06-15 09:28:42 --> Session: Class initialized using 'CodeIgniter\Session\Handlers\FileHandler' driver.
INFO - 2023-06-15 09:28:43 --> Session: Class initialized using 'CodeIgniter\Session\Handlers\FileHandler' driver.
INFO - 2023-06-15 09:28:54 --> Session: Class initialized using 'CodeIgniter\Session\Handlers\FileHandler' driver.
CRITICAL - 2023-06-15 09:29:04 --> Undefined variable $data
in APPPATH/Views/email-forgot.php on line 138.
 1 APPPATH/Views/email-forgot.php(138): CodeIgniter\Debug\Exceptions->errorHandler(2, 'Undefined variable $data', '/root/project/project_web/app/Views/email-forgot.php', 138)
 2 SYSTEMPATH/View/View.php(213): include('/root/project/project_web/app/Views/email-forgot.php')
 3 SYSTEMPATH/View/View.php(216): CodeIgniter\View\View->CodeIgniter\View\{closure}()
 4 SYSTEMPATH/Common.php(1184): CodeIgniter\View\View->render('email-forgot', [], true)
 5 APPPATH/Controllers/ForgotPassword.php(35): view('email-forgot', [...])
 6 SYSTEMPATH/CodeIgniter.php(934): App\Controllers\ForgotPassword->forgotPassword()
 7 SYSTEMPATH/CodeIgniter.php(499): CodeIgniter\CodeIgniter->runController(Object(App\Controllers\ForgotPassword))
 8 SYSTEMPATH/CodeIgniter.php(368): CodeIgniter\CodeIgniter->handleRequest(null, Object(Config\Cache), false)
 9 FCPATH/index.php(67): CodeIgniter\CodeIgniter->run()
10 SYSTEMPATH/Commands/Server/rewrite.php(47): require_once('/root/project/project_web/public/index.php')
INFO - 2023-06-15 09:29:37 --> Session: Class initialized using 'CodeIgniter\Session\Handlers\FileHandler' driver.
INFO - 2023-06-15 09:29:45 --> Session: Class initialized using 'CodeIgniter\Session\Handlers\FileHandler' driver.
INFO - 2023-06-15 09:29:45 --> Session: Class initialized using 'CodeIgniter\Session\Handlers\FileHandler' driver.
INFO - 2023-06-15 09:30:47 --> Session: Class initialized using 'CodeIgniter\Session\Handlers\FileHandler' driver.
INFO - 2023-06-15 09:30:47 --> Session: Class initialized using 'CodeIgniter\Session\Handlers\FileHandler' driver.
INFO - 2023-06-15 09:31:40 --> Session: Class initialized using 'CodeIgniter\Session\Handlers\FileHandler' driver.
INFO - 2023-06-15 09:31:40 --> Session: Class initialized using 'CodeIgniter\Session\Handlers\FileHandler' driver.
